{"/Users/decagon/Desktop/SELF/live_servers/src/app.ts": {"path":"/Users/decagon/Desktop/SELF/live_servers/src/app.ts","statementMap":{"0":{"start":{"line":2,"column":0},"end":{"line":2,"column":67}},"1":{"start":{"line":3,"column":0},"end":{"line":3,"column":24}},"2":{"start":{"line":4,"column":0},"end":{"line":4,"column":41}},"3":{"start":{"line":5,"column":0},"end":{"line":5,"column":28}},"4":{"start":{"line":6,"column":0},"end":{"line":6,"column":42}},"5":{"start":{"line":7,"column":0},"end":{"line":7,"column":40}},"6":{"start":{"line":8,"column":0},"end":{"line":8,"column":24}},"7":{"start":{"line":11,"column":0},"end":{"line":11,"column":43}},"8":{"start":{"line":12,"column":0},"end":{"line":12,"column":26}},"9":{"start":{"line":13,"column":24},"end":{"line":13,"column":51}},"10":{"start":{"line":16,"column":0},"end":{"line":16,"column":41}},"11":{"start":{"line":17,"column":0},"end":{"line":17,"column":46}},"12":{"start":{"line":18,"column":0},"end":{"line":18,"column":47}},"13":{"start":{"line":19,"column":0},"end":{"line":19,"column":57}},"14":{"start":{"line":20,"column":0},"end":{"line":20,"column":43}},"15":{"start":{"line":21,"column":0},"end":{"line":27,"column":5}},"16":{"start":{"line":23,"column":4},"end":{"line":23,"column":54}},"17":{"start":{"line":26,"column":4},"end":{"line":26,"column":21}},"18":{"start":{"line":29,"column":12},"end":{"line":29,"column":21}},"19":{"start":{"line":31,"column":0},"end":{"line":31,"column":23}},"20":{"start":{"line":32,"column":0},"end":{"line":32,"column":16}},"21":{"start":{"line":33,"column":0},"end":{"line":33,"column":24}},"22":{"start":{"line":34,"column":0},"end":{"line":34,"column":49}},"23":{"start":{"line":35,"column":0},"end":{"line":35,"column":24}},"24":{"start":{"line":36,"column":0},"end":{"line":36,"column":62}},"25":{"start":{"line":38,"column":0},"end":{"line":38,"column":33}},"26":{"start":{"line":39,"column":0},"end":{"line":39,"column":30}},"27":{"start":{"line":40,"column":0},"end":{"line":40,"column":35}},"28":{"start":{"line":41,"column":0},"end":{"line":41,"column":33}},"29":{"start":{"line":42,"column":0},"end":{"line":42,"column":44}},"30":{"start":{"line":43,"column":0},"end":{"line":43,"column":33}},"31":{"start":{"line":44,"column":0},"end":{"line":44,"column":64}},"32":{"start":{"line":52,"column":0},"end":{"line":59,"column":3}},"33":{"start":{"line":54,"column":2},"end":{"line":54,"column":35}},"34":{"start":{"line":55,"column":2},"end":{"line":55,"column":69}},"35":{"start":{"line":58,"column":2},"end":{"line":58,"column":32}},"36":{"start":{"line":62,"column":0},"end":{"line":62,"column":19}}},"fnMap":{"0":{"name":"(anonymous_1)","decl":{"start":{"line":22,"column":8},"end":{"line":22,"column":11}},"loc":{"start":{"line":22,"column":13},"end":{"line":24,"column":3}}},"1":{"name":"(anonymous_2)","decl":{"start":{"line":25,"column":9},"end":{"line":25,"column":10}},"loc":{"start":{"line":25,"column":17},"end":{"line":27,"column":3}}},"2":{"name":"(anonymous_3)","decl":{"start":{"line":52,"column":8},"end":{"line":52,"column":18}},"loc":{"start":{"line":52,"column":81},"end":{"line":59,"column":1}}}},"branchMap":{"0":{"loc":{"start":{"line":55,"column":21},"end":{"line":55,"column":68}},"type":"cond-expr","locations":[{"start":{"line":55,"column":60},"end":{"line":55,"column":63}},{"start":{"line":55,"column":66},"end":{"line":55,"column":68}}]},"1":{"loc":{"start":{"line":58,"column":13},"end":{"line":58,"column":30}},"type":"binary-expr","locations":[{"start":{"line":58,"column":13},"end":{"line":58,"column":23}},{"start":{"line":58,"column":27},"end":{"line":58,"column":30}}]}},"s":{"0":1,"1":1,"2":1,"3":1,"4":1,"5":1,"6":1,"7":1,"8":1,"9":1,"10":1,"11":1,"12":1,"13":1,"14":1,"15":1,"16":1,"17":0,"18":1,"19":1,"20":1,"21":1,"22":1,"23":1,"24":1,"25":1,"26":1,"27":1,"28":1,"29":1,"30":1,"31":1,"32":1,"33":0,"34":0,"35":0,"36":1},"f":{"0":1,"1":0,"2":0},"b":{"0":[0,0],"1":[0,0]}}
,"/Users/decagon/Desktop/SELF/live_servers/src/config/database.config.ts": {"path":"/Users/decagon/Desktop/SELF/live_servers/src/config/database.config.ts","statementMap":{"0":{"start":{"line":1,"column":0},"end":{"line":1,"column":38}},"1":{"start":{"line":3,"column":11},"end":{"line":7,"column":2}},"2":{"start":{"line":9,"column":0},"end":{"line":9,"column":18}}},"fnMap":{},"branchMap":{},"s":{"0":1,"1":1,"2":1},"f":{},"b":{}}
,"/Users/decagon/Desktop/SELF/live_servers/src/controller/accounts.ts": {"path":"/Users/decagon/Desktop/SELF/live_servers/src/controller/accounts.ts","statementMap":{"0":{"start":{"line":2,"column":0},"end":{"line":2,"column":46}},"1":{"start":{"line":3,"column":0},"end":{"line":3,"column":62}},"2":{"start":{"line":4,"column":0},"end":{"line":4,"column":52}},"3":{"start":{"line":6,"column":13},"end":{"line":6,"column":21}},"4":{"start":{"line":7,"column":2},"end":{"line":43,"column":null}},"5":{"start":{"line":8,"column":19},"end":{"line":8,"column":30}},"6":{"start":{"line":9,"column":28},"end":{"line":9,"column":86}},"7":{"start":{"line":10,"column":4},"end":{"line":15,"column":null}},"8":{"start":{"line":11,"column":6},"end":{"line":14,"column":9}},"9":{"start":{"line":16,"column":29},"end":{"line":18,"column":6}},"10":{"start":{"line":19,"column":4},"end":{"line":23,"column":null}},"11":{"start":{"line":20,"column":6},"end":{"line":22,"column":9}},"12":{"start":{"line":24,"column":19},"end":{"line":30,"column":6}},"13":{"start":{"line":31,"column":4},"end":{"line":37,"column":null}},"14":{"start":{"line":32,"column":6},"end":{"line":36,"column":9}},"15":{"start":{"line":39,"column":4},"end":{"line":42,"column":7}},"16":{"start":{"line":5,"column":0},"end":{"line":5,"column":7}},"17":{"start":{"line":46,"column":2},"end":{"line":63,"column":null}},"18":{"start":{"line":47,"column":19},"end":{"line":47,"column":30}},"19":{"start":{"line":48,"column":20},"end":{"line":50,"column":6}},"20":{"start":{"line":51,"column":4},"end":{"line":57,"column":null}},"21":{"start":{"line":52,"column":6},"end":{"line":56,"column":9}},"22":{"start":{"line":59,"column":4},"end":{"line":62,"column":7}},"23":{"start":{"line":45,"column":0},"end":{"line":45,"column":7}},"24":{"start":{"line":66,"column":2},"end":{"line":88,"column":null}},"25":{"start":{"line":67,"column":15},"end":{"line":67,"column":28}},"26":{"start":{"line":68,"column":20},"end":{"line":70,"column":6}},"27":{"start":{"line":71,"column":4},"end":{"line":77,"column":null}},"28":{"start":{"line":72,"column":6},"end":{"line":72,"column":30}},"29":{"start":{"line":73,"column":6},"end":{"line":76,"column":9}},"30":{"start":{"line":78,"column":4},"end":{"line":81,"column":7}},"31":{"start":{"line":84,"column":4},"end":{"line":87,"column":7}},"32":{"start":{"line":65,"column":0},"end":{"line":65,"column":7}},"33":{"start":{"line":91,"column":2},"end":{"line":108,"column":null}},"34":{"start":{"line":92,"column":19},"end":{"line":92,"column":30}},"35":{"start":{"line":93,"column":20},"end":{"line":95,"column":6}},"36":{"start":{"line":96,"column":4},"end":{"line":102,"column":null}},"37":{"start":{"line":97,"column":6},"end":{"line":101,"column":9}},"38":{"start":{"line":104,"column":4},"end":{"line":107,"column":7}},"39":{"start":{"line":90,"column":0},"end":{"line":90,"column":7}}},"fnMap":{"0":{"name":"CreateAccount","decl":{"start":{"line":5,"column":22},"end":{"line":5,"column":35}},"loc":{"start":{"line":5,"column":89},"end":{"line":44,"column":1}}},"1":{"name":"getBankAccounts","decl":{"start":{"line":45,"column":22},"end":{"line":45,"column":37}},"loc":{"start":{"line":45,"column":91},"end":{"line":64,"column":1}}},"2":{"name":"deleteBankAccount","decl":{"start":{"line":65,"column":22},"end":{"line":65,"column":39}},"loc":{"start":{"line":65,"column":87},"end":{"line":89,"column":1}}},"3":{"name":"getUserAccount","decl":{"start":{"line":90,"column":22},"end":{"line":90,"column":36}},"loc":{"start":{"line":90,"column":90},"end":{"line":109,"column":1}}}},"branchMap":{"0":{"loc":{"start":{"line":10,"column":4},"end":{"line":15,"column":null}},"type":"if","locations":[{"start":{"line":10,"column":4},"end":{"line":15,"column":null}}]},"1":{"loc":{"start":{"line":19,"column":4},"end":{"line":23,"column":null}},"type":"if","locations":[{"start":{"line":19,"column":4},"end":{"line":23,"column":null}}]},"2":{"loc":{"start":{"line":31,"column":4},"end":{"line":37,"column":null}},"type":"if","locations":[{"start":{"line":31,"column":4},"end":{"line":37,"column":null}}]},"3":{"loc":{"start":{"line":51,"column":4},"end":{"line":57,"column":null}},"type":"if","locations":[{"start":{"line":51,"column":4},"end":{"line":57,"column":null}}]},"4":{"loc":{"start":{"line":71,"column":4},"end":{"line":77,"column":null}},"type":"if","locations":[{"start":{"line":71,"column":4},"end":{"line":77,"column":null}}]},"5":{"loc":{"start":{"line":96,"column":4},"end":{"line":102,"column":null}},"type":"if","locations":[{"start":{"line":96,"column":4},"end":{"line":102,"column":null}}]}},"s":{"0":1,"1":1,"2":1,"3":2,"4":2,"5":2,"6":2,"7":2,"8":0,"9":2,"10":2,"11":0,"12":2,"13":2,"14":2,"15":0,"16":1,"17":0,"18":0,"19":0,"20":0,"21":0,"22":0,"23":1,"24":1,"25":1,"26":1,"27":1,"28":1,"29":1,"30":0,"31":0,"32":1,"33":0,"34":0,"35":0,"36":0,"37":0,"38":0,"39":1},"f":{"0":2,"1":0,"2":1,"3":0},"b":{"0":[0],"1":[0],"2":[2],"3":[0],"4":[1],"5":[0]}}
,"/Users/decagon/Desktop/SELF/live_servers/src/controller/credit.ts": {"path":"/Users/decagon/Desktop/SELF/live_servers/src/controller/credit.ts","statementMap":{"0":{"start":{"line":2,"column":0},"end":{"line":2,"column":50}},"1":{"start":{"line":3,"column":0},"end":{"line":3,"column":55}},"2":{"start":{"line":4,"column":0},"end":{"line":4,"column":36}},"3":{"start":{"line":5,"column":0},"end":{"line":5,"column":64}},"4":{"start":{"line":6,"column":0},"end":{"line":6,"column":49}},"5":{"start":{"line":9,"column":15},"end":{"line":9,"column":23}},"6":{"start":{"line":10,"column":4},"end":{"line":103,"column":null}},"7":{"start":{"line":12,"column":82},"end":{"line":12,"column":90}},"8":{"start":{"line":13,"column":10},"end":{"line":13,"column":null}},"9":{"start":{"line":15,"column":35},"end":{"line":15,"column":86}},"10":{"start":{"line":16,"column":10},"end":{"line":18,"column":null}},"11":{"start":{"line":17,"column":12},"end":{"line":17,"column":81}},"12":{"start":{"line":21,"column":27},"end":{"line":21,"column":71}},"13":{"start":{"line":22,"column":10},"end":{"line":22,"column":null}},"14":{"start":{"line":24,"column":10},"end":{"line":26,"column":null}},"15":{"start":{"line":25,"column":14},"end":{"line":25,"column":null}},"16":{"start":{"line":30,"column":43},"end":{"line":30,"column":80}},"17":{"start":{"line":33,"column":33},"end":{"line":35,"column":12}},"18":{"start":{"line":36,"column":10},"end":{"line":41,"column":null}},"19":{"start":{"line":37,"column":12},"end":{"line":40,"column":null}},"20":{"start":{"line":44,"column":10},"end":{"line":44,"column":null}},"21":{"start":{"line":45,"column":31},"end":{"line":47,"column":12}},"22":{"start":{"line":49,"column":10},"end":{"line":96,"column":null}},"23":{"start":{"line":50,"column":35},"end":{"line":50,"column":119}},"24":{"start":{"line":52,"column":23},"end":{"line":52,"column":68}},"25":{"start":{"line":53,"column":24},"end":{"line":69,"column":8}},"26":{"start":{"line":70,"column":6},"end":{"line":70,"column":31}},"27":{"start":{"line":72,"column":20},"end":{"line":72,"column":55}},"28":{"start":{"line":73,"column":25},"end":{"line":86,"column":8}},"29":{"start":{"line":87,"column":6},"end":{"line":87,"column":32}},"30":{"start":{"line":89,"column":10},"end":{"line":91,"column":13}},"31":{"start":{"line":93,"column":12},"end":{"line":95,"column":null}},"32":{"start":{"line":99,"column":8},"end":{"line":99,"column":null}},"33":{"start":{"line":100,"column":8},"end":{"line":102,"column":null}},"34":{"start":{"line":8,"column":0},"end":{"line":8,"column":7}}},"fnMap":{"0":{"name":"credit","decl":{"start":{"line":8,"column":22},"end":{"line":8,"column":28}},"loc":{"start":{"line":8,"column":82},"end":{"line":104,"column":1}}}},"branchMap":{"0":{"loc":{"start":{"line":16,"column":10},"end":{"line":18,"column":null}},"type":"if","locations":[{"start":{"line":16,"column":10},"end":{"line":18,"column":null}}]},"1":{"loc":{"start":{"line":24,"column":10},"end":{"line":26,"column":null}},"type":"if","locations":[{"start":{"line":24,"column":10},"end":{"line":26,"column":null}}]},"2":{"loc":{"start":{"line":36,"column":10},"end":{"line":41,"column":null}},"type":"if","locations":[{"start":{"line":36,"column":10},"end":{"line":41,"column":null}}]},"3":{"loc":{"start":{"line":49,"column":10},"end":{"line":96,"column":null}},"type":"if","locations":[{"start":{"line":49,"column":10},"end":{"line":96,"column":null}},{"start":{"line":92,"column":13},"end":{"line":96,"column":null}}]}},"s":{"0":1,"1":1,"2":1,"3":1,"4":1,"5":0,"6":0,"7":0,"8":0,"9":0,"10":0,"11":0,"12":0,"13":0,"14":0,"15":0,"16":0,"17":0,"18":0,"19":0,"20":0,"21":0,"22":0,"23":0,"24":0,"25":0,"26":0,"27":0,"28":0,"29":0,"30":0,"31":0,"32":0,"33":0,"34":1},"f":{"0":0},"b":{"0":[0],"1":[0],"2":[0],"3":[0,0]}}
,"/Users/decagon/Desktop/SELF/live_servers/src/controller/emailController.ts": {"path":"/Users/decagon/Desktop/SELF/live_servers/src/controller/emailController.ts","statementMap":{"0":{"start":{"line":2,"column":0},"end":{"line":2,"column":36}},"1":{"start":{"line":3,"column":0},"end":{"line":3,"column":52}},"2":{"start":{"line":5,"column":18},"end":{"line":17,"column":2}},"3":{"start":{"line":19,"column":29},"end":{"line":55,"column":1}},"4":{"start":{"line":20,"column":2},"end":{"line":54,"column":5}},"5":{"start":{"line":21,"column":46},"end":{"line":21,"column":55}},"6":{"start":{"line":22,"column":4},"end":{"line":22,"column":69}},"7":{"start":{"line":23,"column":24},"end":{"line":29,"column":6}},"8":{"start":{"line":30,"column":4},"end":{"line":53,"column":null}},"9":{"start":{"line":31,"column":31},"end":{"line":31,"column":69}},"10":{"start":{"line":32,"column":6},"end":{"line":36,"column":null}},"11":{"start":{"line":33,"column":8},"end":{"line":35,"column":11}},"12":{"start":{"line":37,"column":6},"end":{"line":50,"column":11}},"13":{"start":{"line":40,"column":10},"end":{"line":43,"column":13}},"14":{"start":{"line":46,"column":10},"end":{"line":49,"column":13}},"15":{"start":{"line":52,"column":6},"end":{"line":52,"column":18}},"16":{"start":{"line":19,"column":13},"end":{"line":19,"column":29}},"17":{"start":{"line":58,"column":2},"end":{"line":64,"column":7}},"18":{"start":{"line":60,"column":6},"end":{"line":60,"column":33}},"19":{"start":{"line":63,"column":6},"end":{"line":63,"column":32}},"20":{"start":{"line":57,"column":0},"end":{"line":57,"column":7}}},"fnMap":{"0":{"name":"(anonymous_1)","decl":{"start":{"line":19,"column":29},"end":{"line":19,"column":34}},"loc":{"start":{"line":19,"column":73},"end":{"line":55,"column":1}}},"1":{"name":"(anonymous_2)","decl":{"start":{"line":20,"column":21},"end":{"line":20,"column":22}},"loc":{"start":{"line":20,"column":41},"end":{"line":54,"column":3}}},"2":{"name":"(anonymous_3)","decl":{"start":{"line":39,"column":14},"end":{"line":39,"column":15}},"loc":{"start":{"line":39,"column":23},"end":{"line":44,"column":9}}},"3":{"name":"(anonymous_4)","decl":{"start":{"line":45,"column":15},"end":{"line":45,"column":16}},"loc":{"start":{"line":45,"column":23},"end":{"line":50,"column":9}}},"4":{"name":"sendMail","decl":{"start":{"line":57,"column":22},"end":{"line":57,"column":30}},"loc":{"start":{"line":57,"column":74},"end":{"line":65,"column":1}}},"5":{"name":"(anonymous_6)","decl":{"start":{"line":59,"column":10},"end":{"line":59,"column":11}},"loc":{"start":{"line":59,"column":19},"end":{"line":61,"column":5}}},"6":{"name":"(anonymous_7)","decl":{"start":{"line":62,"column":11},"end":{"line":62,"column":12}},"loc":{"start":{"line":62,"column":19},"end":{"line":64,"column":5}}}},"branchMap":{"0":{"loc":{"start":{"line":22,"column":4},"end":{"line":22,"column":68}},"type":"binary-expr","locations":[{"start":{"line":22,"column":4},"end":{"line":22,"column":9}},{"start":{"line":22,"column":14},"end":{"line":22,"column":67}}]},"1":{"loc":{"start":{"line":32,"column":6},"end":{"line":36,"column":null}},"type":"if","locations":[{"start":{"line":32,"column":6},"end":{"line":36,"column":null}}]}},"s":{"0":1,"1":1,"2":1,"3":1,"4":3,"5":3,"6":3,"7":3,"8":3,"9":3,"10":3,"11":0,"12":3,"13":0,"14":3,"15":0,"16":1,"17":0,"18":0,"19":0,"20":1},"f":{"0":3,"1":3,"2":0,"3":3,"4":0,"5":0,"6":0},"b":{"0":[3,3],"1":[0]}}
,"/Users/decagon/Desktop/SELF/live_servers/src/controller/fluter.ts": {"path":"/Users/decagon/Desktop/SELF/live_servers/src/controller/fluter.ts","statementMap":{"0":{"start":{"line":1,"column":0},"end":{"line":1,"column":26}},"1":{"start":{"line":2,"column":21},"end":{"line":2,"column":53}},"2":{"start":{"line":3,"column":20},"end":{"line":3,"column":50}},"3":{"start":{"line":4,"column":12},"end":{"line":4,"column":83}},"4":{"start":{"line":5,"column":16},"end":{"line":5,"column":42}},"5":{"start":{"line":6,"column":16},"end":{"line":12,"column":2}},"6":{"start":{"line":13,"column":29},"end":{"line":20,"column":1}},"7":{"start":{"line":14,"column":2},"end":{"line":19,"column":null}},"8":{"start":{"line":15,"column":21},"end":{"line":15,"column":54}},"9":{"start":{"line":16,"column":4},"end":{"line":16,"column":25}},"10":{"start":{"line":18,"column":4},"end":{"line":18,"column":17}},"11":{"start":{"line":13,"column":13},"end":{"line":13,"column":29}},"12":{"start":{"line":21,"column":25},"end":{"line":28,"column":1}},"13":{"start":{"line":22,"column":2},"end":{"line":27,"column":null}},"14":{"start":{"line":23,"column":21},"end":{"line":23,"column":57}},"15":{"start":{"line":24,"column":4},"end":{"line":24,"column":20}},"16":{"start":{"line":26,"column":4},"end":{"line":26,"column":23}},"17":{"start":{"line":21,"column":13},"end":{"line":21,"column":25}}},"fnMap":{"0":{"name":"(anonymous_1)","decl":{"start":{"line":13,"column":29},"end":{"line":13,"column":34}},"loc":{"start":{"line":13,"column":40},"end":{"line":20,"column":1}}},"1":{"name":"(anonymous_2)","decl":{"start":{"line":21,"column":25},"end":{"line":21,"column":30}},"loc":{"start":{"line":21,"column":48},"end":{"line":28,"column":1}}}},"branchMap":{},"s":{"0":1,"1":1,"2":1,"3":1,"4":1,"5":1,"6":1,"7":0,"8":0,"9":0,"10":0,"11":1,"12":1,"13":0,"14":0,"15":0,"16":0,"17":1},"f":{"0":0,"1":0},"b":{}}
,"/Users/decagon/Desktop/SELF/live_servers/src/controller/sellAirtime.ts": {"path":"/Users/decagon/Desktop/SELF/live_servers/src/controller/sellAirtime.ts","statementMap":{"0":{"start":{"line":2,"column":0},"end":{"line":2,"column":46}},"1":{"start":{"line":4,"column":0},"end":{"line":4,"column":64}},"2":{"start":{"line":5,"column":0},"end":{"line":5,"column":50}},"3":{"start":{"line":6,"column":0},"end":{"line":6,"column":81}},"4":{"start":{"line":7,"column":0},"end":{"line":7,"column":50}},"5":{"start":{"line":10,"column":2},"end":{"line":67,"column":null}},"6":{"start":{"line":11,"column":15},"end":{"line":11,"column":23}},"7":{"start":{"line":12,"column":68},"end":{"line":12,"column":76}},"8":{"start":{"line":13,"column":19},"end":{"line":13,"column":30}},"9":{"start":{"line":15,"column":32},"end":{"line":15,"column":83}},"10":{"start":{"line":16,"column":4},"end":{"line":18,"column":null}},"11":{"start":{"line":17,"column":6},"end":{"line":17,"column":80}},"12":{"start":{"line":19,"column":22},"end":{"line":19,"column":75}},"13":{"start":{"line":20,"column":4},"end":{"line":22,"column":null}},"14":{"start":{"line":21,"column":6},"end":{"line":21,"column":76}},"15":{"start":{"line":23,"column":16},"end":{"line":23,"column":31}},"16":{"start":{"line":26,"column":22},"end":{"line":26,"column":41}},"17":{"start":{"line":27,"column":21},"end":{"line":27,"column":39}},"18":{"start":{"line":28,"column":25},"end":{"line":36,"column":6}},"19":{"start":{"line":38,"column":4},"end":{"line":40,"column":null}},"20":{"start":{"line":39,"column":6},"end":{"line":39,"column":81}},"21":{"start":{"line":42,"column":17},"end":{"line":42,"column":62}},"22":{"start":{"line":43,"column":22},"end":{"line":62,"column":6}},"23":{"start":{"line":63,"column":4},"end":{"line":63,"column":29}},"24":{"start":{"line":64,"column":4},"end":{"line":64,"column":46}},"25":{"start":{"line":66,"column":4},"end":{"line":66,"column":69}},"26":{"start":{"line":9,"column":0},"end":{"line":9,"column":7}},"27":{"start":{"line":71,"column":2},"end":{"line":104,"column":null}},"28":{"start":{"line":72,"column":25},"end":{"line":72,"column":56}},"29":{"start":{"line":73,"column":25},"end":{"line":73,"column":56}},"30":{"start":{"line":74,"column":15},"end":{"line":74,"column":16}},"31":{"start":{"line":75,"column":4},"end":{"line":77,"column":null}},"32":{"start":{"line":76,"column":6},"end":{"line":76,"column":26}},"33":{"start":{"line":79,"column":15},"end":{"line":79,"column":17}},"34":{"start":{"line":80,"column":4},"end":{"line":82,"column":null}},"35":{"start":{"line":81,"column":6},"end":{"line":81,"column":26}},"36":{"start":{"line":84,"column":25},"end":{"line":88,"column":6}},"37":{"start":{"line":91,"column":4},"end":{"line":93,"column":null}},"38":{"start":{"line":92,"column":6},"end":{"line":92,"column":71}},"39":{"start":{"line":94,"column":4},"end":{"line":98,"column":7}},"40":{"start":{"line":100,"column":4},"end":{"line":103,"column":7}},"41":{"start":{"line":70,"column":0},"end":{"line":70,"column":7}},"42":{"start":{"line":108,"column":2},"end":{"line":143,"column":null}},"43":{"start":{"line":109,"column":25},"end":{"line":109,"column":56}},"44":{"start":{"line":110,"column":25},"end":{"line":110,"column":56}},"45":{"start":{"line":111,"column":23},"end":{"line":111,"column":43}},"46":{"start":{"line":112,"column":15},"end":{"line":112,"column":16}},"47":{"start":{"line":113,"column":4},"end":{"line":115,"column":null}},"48":{"start":{"line":114,"column":6},"end":{"line":114,"column":26}},"49":{"start":{"line":117,"column":15},"end":{"line":117,"column":17}},"50":{"start":{"line":118,"column":4},"end":{"line":120,"column":null}},"51":{"start":{"line":119,"column":6},"end":{"line":119,"column":26}},"52":{"start":{"line":122,"column":25},"end":{"line":127,"column":6}},"53":{"start":{"line":130,"column":4},"end":{"line":132,"column":null}},"54":{"start":{"line":131,"column":6},"end":{"line":131,"column":71}},"55":{"start":{"line":133,"column":4},"end":{"line":137,"column":7}},"56":{"start":{"line":139,"column":4},"end":{"line":142,"column":7}},"57":{"start":{"line":107,"column":0},"end":{"line":107,"column":7}}},"fnMap":{"0":{"name":"postSellAirtime","decl":{"start":{"line":9,"column":22},"end":{"line":9,"column":37}},"loc":{"start":{"line":9,"column":91},"end":{"line":68,"column":1}}},"1":{"name":"allTransactions","decl":{"start":{"line":70,"column":22},"end":{"line":70,"column":37}},"loc":{"start":{"line":70,"column":91},"end":{"line":105,"column":1}}},"2":{"name":"pendingTransactions","decl":{"start":{"line":107,"column":22},"end":{"line":107,"column":41}},"loc":{"start":{"line":107,"column":95},"end":{"line":144,"column":1}}}},"branchMap":{"0":{"loc":{"start":{"line":16,"column":4},"end":{"line":18,"column":null}},"type":"if","locations":[{"start":{"line":16,"column":4},"end":{"line":18,"column":null}}]},"1":{"loc":{"start":{"line":20,"column":4},"end":{"line":22,"column":null}},"type":"if","locations":[{"start":{"line":20,"column":4},"end":{"line":22,"column":null}}]},"2":{"loc":{"start":{"line":38,"column":4},"end":{"line":40,"column":null}},"type":"if","locations":[{"start":{"line":38,"column":4},"end":{"line":40,"column":null}}]},"3":{"loc":{"start":{"line":75,"column":4},"end":{"line":77,"column":null}},"type":"if","locations":[{"start":{"line":75,"column":4},"end":{"line":77,"column":null}}]},"4":{"loc":{"start":{"line":75,"column":8},"end":{"line":75,"column":55}},"type":"binary-expr","locations":[{"start":{"line":75,"column":8},"end":{"line":75,"column":35}},{"start":{"line":75,"column":39},"end":{"line":75,"column":55}}]},"5":{"loc":{"start":{"line":80,"column":4},"end":{"line":82,"column":null}},"type":"if","locations":[{"start":{"line":80,"column":4},"end":{"line":82,"column":null}}]},"6":{"loc":{"start":{"line":80,"column":8},"end":{"line":80,"column":76}},"type":"binary-expr","locations":[{"start":{"line":80,"column":8},"end":{"line":80,"column":35}},{"start":{"line":80,"column":39},"end":{"line":80,"column":55}},{"start":{"line":80,"column":59},"end":{"line":80,"column":76}}]},"7":{"loc":{"start":{"line":91,"column":4},"end":{"line":93,"column":null}},"type":"if","locations":[{"start":{"line":91,"column":4},"end":{"line":93,"column":null}}]},"8":{"loc":{"start":{"line":113,"column":4},"end":{"line":115,"column":null}},"type":"if","locations":[{"start":{"line":113,"column":4},"end":{"line":115,"column":null}}]},"9":{"loc":{"start":{"line":113,"column":8},"end":{"line":113,"column":55}},"type":"binary-expr","locations":[{"start":{"line":113,"column":8},"end":{"line":113,"column":35}},{"start":{"line":113,"column":39},"end":{"line":113,"column":55}}]},"10":{"loc":{"start":{"line":118,"column":4},"end":{"line":120,"column":null}},"type":"if","locations":[{"start":{"line":118,"column":4},"end":{"line":120,"column":null}}]},"11":{"loc":{"start":{"line":118,"column":8},"end":{"line":118,"column":76}},"type":"binary-expr","locations":[{"start":{"line":118,"column":8},"end":{"line":118,"column":35}},{"start":{"line":118,"column":39},"end":{"line":118,"column":55}},{"start":{"line":118,"column":59},"end":{"line":118,"column":76}}]},"12":{"loc":{"start":{"line":130,"column":4},"end":{"line":132,"column":null}},"type":"if","locations":[{"start":{"line":130,"column":4},"end":{"line":132,"column":null}}]}},"s":{"0":1,"1":1,"2":1,"3":1,"4":1,"5":0,"6":0,"7":0,"8":0,"9":0,"10":0,"11":0,"12":0,"13":0,"14":0,"15":0,"16":0,"17":0,"18":0,"19":0,"20":0,"21":0,"22":0,"23":0,"24":0,"25":0,"26":1,"27":0,"28":0,"29":0,"30":0,"31":0,"32":0,"33":0,"34":0,"35":0,"36":0,"37":0,"38":0,"39":0,"40":0,"41":1,"42":0,"43":0,"44":0,"45":0,"46":0,"47":0,"48":0,"49":0,"50":0,"51":0,"52":0,"53":0,"54":0,"55":0,"56":0,"57":1},"f":{"0":0,"1":0,"2":0},"b":{"0":[0],"1":[0],"2":[0],"3":[0],"4":[0,0],"5":[0],"6":[0,0,0],"7":[0],"8":[0],"9":[0,0],"10":[0],"11":[0,0,0],"12":[0]}}
,"/Users/decagon/Desktop/SELF/live_servers/src/controller/smsController.ts": {"path":"/Users/decagon/Desktop/SELF/live_servers/src/controller/smsController.ts","statementMap":{"0":{"start":{"line":3,"column":0},"end":{"line":3,"column":32}},"1":{"start":{"line":4,"column":0},"end":{"line":4,"column":50}},"2":{"start":{"line":5,"column":0},"end":{"line":5,"column":54}},"3":{"start":{"line":6,"column":0},"end":{"line":6,"column":50}},"4":{"start":{"line":9,"column":23},"end":{"line":67,"column":1}},"5":{"start":{"line":10,"column":22},"end":{"line":10,"column":30}},"6":{"start":{"line":13,"column":25},"end":{"line":13,"column":64}},"7":{"start":{"line":14,"column":4},"end":{"line":18,"column":null}},"8":{"start":{"line":15,"column":6},"end":{"line":17,"column":9}},"9":{"start":{"line":21,"column":21},"end":{"line":21,"column":61}},"10":{"start":{"line":22,"column":20},"end":{"line":22,"column":59}},"11":{"start":{"line":23,"column":23},"end":{"line":23,"column":64}},"12":{"start":{"line":23,"column":65},"end":{"line":23,"column":null}},"13":{"start":{"line":26,"column":17},"end":{"line":26,"column":50}},"14":{"start":{"line":29,"column":12},"end":{"line":29,"column":55}},"15":{"start":{"line":30,"column":13},"end":{"line":30,"column":21}},"16":{"start":{"line":31,"column":13},"end":{"line":31,"column":58}},"17":{"start":{"line":32,"column":0},"end":{"line":34,"column":null}},"18":{"start":{"line":33,"column":2},"end":{"line":33,"column":61}},"19":{"start":{"line":35,"column":0},"end":{"line":35,"column":60}},"20":{"start":{"line":38,"column":18},"end":{"line":42,"column":null}},"21":{"start":{"line":43,"column":0},"end":{"line":43,"column":25}},"22":{"start":{"line":46,"column":2},"end":{"line":66,"column":null}},"23":{"start":{"line":47,"column":16},"end":{"line":51,"column":6}},"24":{"start":{"line":52,"column":4},"end":{"line":58,"column":null}},"25":{"start":{"line":53,"column":6},"end":{"line":57,"column":9}},"26":{"start":{"line":60,"column":4},"end":{"line":60,"column":null}},"27":{"start":{"line":61,"column":4},"end":{"line":65,"column":7}},"28":{"start":{"line":9,"column":13},"end":{"line":9,"column":23}}},"fnMap":{"0":{"name":"(anonymous_0)","decl":{"start":{"line":9,"column":23},"end":{"line":9,"column":28}},"loc":{"start":{"line":9,"column":85},"end":{"line":67,"column":1}}}},"branchMap":{"0":{"loc":{"start":{"line":14,"column":4},"end":{"line":18,"column":null}},"type":"if","locations":[{"start":{"line":14,"column":4},"end":{"line":18,"column":null}}]},"1":{"loc":{"start":{"line":32,"column":0},"end":{"line":34,"column":null}},"type":"if","locations":[{"start":{"line":32,"column":0},"end":{"line":34,"column":null}}]},"2":{"loc":{"start":{"line":52,"column":4},"end":{"line":58,"column":null}},"type":"if","locations":[{"start":{"line":52,"column":4},"end":{"line":58,"column":null}}]}},"s":{"0":1,"1":1,"2":1,"3":1,"4":1,"5":0,"6":0,"7":0,"8":0,"9":0,"10":0,"11":0,"12":0,"13":0,"14":0,"15":0,"16":0,"17":0,"18":0,"19":0,"20":0,"21":0,"22":0,"23":0,"24":0,"25":0,"26":0,"27":0,"28":1},"f":{"0":0},"b":{"0":[0],"1":[0],"2":[0]}}
,"/Users/decagon/Desktop/SELF/live_servers/src/controller/userController.ts": {"path":"/Users/decagon/Desktop/SELF/live_servers/src/controller/userController.ts","statementMap":{"0":{"start":{"line":2,"column":0},"end":{"line":2,"column":36}},"1":{"start":{"line":3,"column":0},"end":{"line":3,"column":null}},"2":{"start":{"line":11,"column":0},"end":{"line":11,"column":50}},"3":{"start":{"line":12,"column":0},"end":{"line":12,"column":30}},"4":{"start":{"line":13,"column":0},"end":{"line":13,"column":50}},"5":{"start":{"line":14,"column":0},"end":{"line":14,"column":36}},"6":{"start":{"line":15,"column":0},"end":{"line":15,"column":52}},"7":{"start":{"line":16,"column":0},"end":{"line":16,"column":64}},"8":{"start":{"line":17,"column":0},"end":{"line":17,"column":69}},"9":{"start":{"line":19,"column":2},"end":{"line":96,"column":null}},"10":{"start":{"line":20,"column":15},"end":{"line":20,"column":23}},"11":{"start":{"line":21,"column":29},"end":{"line":21,"column":69}},"12":{"start":{"line":22,"column":4},"end":{"line":26,"column":null}},"13":{"start":{"line":23,"column":6},"end":{"line":25,"column":9}},"14":{"start":{"line":27,"column":27},"end":{"line":27,"column":91}},"15":{"start":{"line":28,"column":4},"end":{"line":32,"column":null}},"16":{"start":{"line":29,"column":6},"end":{"line":31,"column":9}},"17":{"start":{"line":33,"column":30},"end":{"line":33,"column":100}},"18":{"start":{"line":34,"column":4},"end":{"line":38,"column":null}},"19":{"start":{"line":35,"column":6},"end":{"line":37,"column":9}},"20":{"start":{"line":39,"column":27},"end":{"line":39,"column":103}},"21":{"start":{"line":40,"column":4},"end":{"line":44,"column":null}},"22":{"start":{"line":41,"column":6},"end":{"line":43,"column":9}},"23":{"start":{"line":45,"column":25},"end":{"line":45,"column":65}},"24":{"start":{"line":46,"column":18},"end":{"line":46,"column":26}},"25":{"start":{"line":47,"column":19},"end":{"line":59,"column":6}},"26":{"start":{"line":60,"column":17},"end":{"line":60,"column":66}},"27":{"start":{"line":61,"column":22},"end":{"line":76,"column":6}},"28":{"start":{"line":77,"column":4},"end":{"line":77,"column":29}},"29":{"start":{"line":78,"column":4},"end":{"line":90,"column":7}},"30":{"start":{"line":92,"column":4},"end":{"line":95,"column":7}},"31":{"start":{"line":18,"column":0},"end":{"line":18,"column":7}},"32":{"start":{"line":102,"column":2},"end":{"line":130,"column":null}},"33":{"start":{"line":103,"column":22},"end":{"line":103,"column":32}},"34":{"start":{"line":104,"column":17},"end":{"line":104,"column":65}},"35":{"start":{"line":105,"column":4},"end":{"line":110,"column":null}},"36":{"start":{"line":106,"column":6},"end":{"line":106,"column":78}},"37":{"start":{"line":111,"column":25},"end":{"line":111,"column":109}},"38":{"start":{"line":112,"column":4},"end":{"line":124,"column":null}},"39":{"start":{"line":114,"column":29},"end":{"line":114,"column":83}},"40":{"start":{"line":115,"column":6},"end":{"line":115,"column":75}},"41":{"start":{"line":126,"column":4},"end":{"line":129,"column":7}},"42":{"start":{"line":101,"column":0},"end":{"line":101,"column":7}},"43":{"start":{"line":133,"column":2},"end":{"line":188,"column":null}},"44":{"start":{"line":134,"column":22},"end":{"line":134,"column":30}},"45":{"start":{"line":135,"column":17},"end":{"line":135,"column":65}},"46":{"start":{"line":137,"column":4},"end":{"line":141,"column":null}},"47":{"start":{"line":138,"column":6},"end":{"line":140,"column":9}},"48":{"start":{"line":142,"column":4},"end":{"line":146,"column":null}},"49":{"start":{"line":143,"column":6},"end":{"line":145,"column":9}},"50":{"start":{"line":147,"column":18},"end":{"line":147,"column":26}},"51":{"start":{"line":148,"column":24},"end":{"line":148,"column":82}},"52":{"start":{"line":149,"column":4},"end":{"line":182,"column":null}},"53":{"start":{"line":150,"column":19},"end":{"line":150,"column":68}},"54":{"start":{"line":151,"column":24},"end":{"line":166,"column":8}},"55":{"start":{"line":167,"column":6},"end":{"line":180,"column":11}},"56":{"start":{"line":169,"column":10},"end":{"line":173,"column":13}},"57":{"start":{"line":176,"column":10},"end":{"line":179,"column":13}},"58":{"start":{"line":184,"column":4},"end":{"line":187,"column":7}},"59":{"start":{"line":132,"column":0},"end":{"line":132,"column":7}},"60":{"start":{"line":192,"column":2},"end":{"line":241,"column":null}},"61":{"start":{"line":193,"column":4},"end":{"line":197,"column":7}},"62":{"start":{"line":198,"column":19},"end":{"line":198,"column":29}},"63":{"start":{"line":200,"column":19},"end":{"line":200,"column":64}},"64":{"start":{"line":201,"column":67},"end":{"line":201,"column":75}},"65":{"start":{"line":202,"column":29},"end":{"line":202,"column":73}},"66":{"start":{"line":203,"column":4},"end":{"line":207,"column":null}},"67":{"start":{"line":204,"column":6},"end":{"line":206,"column":9}},"68":{"start":{"line":208,"column":4},"end":{"line":212,"column":null}},"69":{"start":{"line":209,"column":6},"end":{"line":211,"column":9}},"70":{"start":{"line":213,"column":41},"end":{"line":213,"column":43}},"71":{"start":{"line":214,"column":4},"end":{"line":226,"column":null}},"72":{"start":{"line":215,"column":6},"end":{"line":222,"column":9}},"73":{"start":{"line":223,"column":6},"end":{"line":225,"column":null}},"74":{"start":{"line":224,"column":8},"end":{"line":224,"column":92}},"75":{"start":{"line":227,"column":26},"end":{"line":234,"column":7}},"76":{"start":{"line":235,"column":4},"end":{"line":238,"column":7}},"77":{"start":{"line":240,"column":4},"end":{"line":240,"column":103}},"78":{"start":{"line":191,"column":0},"end":{"line":191,"column":7}},"79":{"start":{"line":244,"column":2},"end":{"line":296,"column":null}},"80":{"start":{"line":245,"column":42},"end":{"line":245,"column":50}},"81":{"start":{"line":246,"column":21},"end":{"line":246,"column":60}},"82":{"start":{"line":247,"column":4},"end":{"line":249,"column":null}},"83":{"start":{"line":248,"column":6},"end":{"line":248,"column":80}},"84":{"start":{"line":251,"column":21},"end":{"line":251,"column":86}},"85":{"start":{"line":255,"column":4},"end":{"line":259,"column":null}},"86":{"start":{"line":256,"column":6},"end":{"line":258,"column":8}},"87":{"start":{"line":261,"column":4},"end":{"line":263,"column":null}},"88":{"start":{"line":262,"column":6},"end":{"line":262,"column":73}},"89":{"start":{"line":264,"column":19},"end":{"line":264,"column":28}},"90":{"start":{"line":265,"column":18},"end":{"line":265,"column":39}},"91":{"start":{"line":266,"column":26},"end":{"line":266,"column":85}},"92":{"start":{"line":267,"column":4},"end":{"line":269,"column":null}},"93":{"start":{"line":268,"column":6},"end":{"line":268,"column":100}},"94":{"start":{"line":270,"column":4},"end":{"line":292,"column":null}},"95":{"start":{"line":271,"column":6},"end":{"line":291,"column":11}},"96":{"start":{"line":293,"column":4},"end":{"line":293,"column":73}},"97":{"start":{"line":295,"column":4},"end":{"line":295,"column":81}},"98":{"start":{"line":243,"column":0},"end":{"line":243,"column":7}},"99":{"start":{"line":299,"column":2},"end":{"line":345,"column":null}},"100":{"start":{"line":300,"column":22},"end":{"line":300,"column":30}},"101":{"start":{"line":301,"column":17},"end":{"line":301,"column":65}},"102":{"start":{"line":302,"column":4},"end":{"line":306,"column":null}},"103":{"start":{"line":303,"column":6},"end":{"line":305,"column":9}},"104":{"start":{"line":307,"column":18},"end":{"line":307,"column":26}},"105":{"start":{"line":308,"column":31},"end":{"line":308,"column":89}},"106":{"start":{"line":309,"column":17},"end":{"line":309,"column":69}},"107":{"start":{"line":310,"column":22},"end":{"line":325,"column":6}},"108":{"start":{"line":326,"column":4},"end":{"line":339,"column":9}},"109":{"start":{"line":328,"column":8},"end":{"line":332,"column":11}},"110":{"start":{"line":335,"column":8},"end":{"line":338,"column":11}},"111":{"start":{"line":341,"column":4},"end":{"line":344,"column":7}},"112":{"start":{"line":298,"column":0},"end":{"line":298,"column":7}},"113":{"start":{"line":348,"column":2},"end":{"line":372,"column":null}},"114":{"start":{"line":349,"column":22},"end":{"line":349,"column":32}},"115":{"start":{"line":350,"column":25},"end":{"line":350,"column":33}},"116":{"start":{"line":351,"column":21},"end":{"line":351,"column":68}},"117":{"start":{"line":352,"column":4},"end":{"line":354,"column":null}},"118":{"start":{"line":353,"column":6},"end":{"line":353,"column":80}},"119":{"start":{"line":355,"column":17},"end":{"line":355,"column":65}},"120":{"start":{"line":356,"column":4},"end":{"line":360,"column":null}},"121":{"start":{"line":357,"column":6},"end":{"line":359,"column":9}},"122":{"start":{"line":361,"column":25},"end":{"line":361,"column":56}},"123":{"start":{"line":362,"column":26},"end":{"line":362,"column":116}},"124":{"start":{"line":363,"column":4},"end":{"line":366,"column":7}},"125":{"start":{"line":368,"column":4},"end":{"line":371,"column":7}},"126":{"start":{"line":347,"column":0},"end":{"line":347,"column":7}},"127":{"start":{"line":375,"column":2},"end":{"line":380,"column":null}},"128":{"start":{"line":376,"column":4},"end":{"line":376,"column":41}},"129":{"start":{"line":377,"column":4},"end":{"line":377,"column":72}},"130":{"start":{"line":379,"column":4},"end":{"line":379,"column":65}},"131":{"start":{"line":374,"column":0},"end":{"line":374,"column":7}},"132":{"start":{"line":383,"column":2},"end":{"line":393,"column":null}},"133":{"start":{"line":384,"column":19},"end":{"line":384,"column":29}},"134":{"start":{"line":385,"column":17},"end":{"line":385,"column":62}},"135":{"start":{"line":386,"column":4},"end":{"line":388,"column":null}},"136":{"start":{"line":387,"column":6},"end":{"line":387,"column":65}},"137":{"start":{"line":389,"column":4},"end":{"line":389,"column":65}},"138":{"start":{"line":391,"column":4},"end":{"line":391,"column":21}},"139":{"start":{"line":392,"column":4},"end":{"line":392,"column":67}},"140":{"start":{"line":382,"column":0},"end":{"line":382,"column":7}},"141":{"start":{"line":397,"column":2},"end":{"line":409,"column":null}},"142":{"start":{"line":398,"column":18},"end":{"line":402,"column":6}},"143":{"start":{"line":403,"column":4},"end":{"line":405,"column":null}},"144":{"start":{"line":404,"column":6},"end":{"line":404,"column":64}},"145":{"start":{"line":406,"column":4},"end":{"line":406,"column":67}},"146":{"start":{"line":408,"column":4},"end":{"line":408,"column":68}},"147":{"start":{"line":396,"column":0},"end":{"line":396,"column":7}},"148":{"start":{"line":412,"column":2},"end":{"line":422,"column":null}},"149":{"start":{"line":413,"column":19},"end":{"line":413,"column":29}},"150":{"start":{"line":414,"column":17},"end":{"line":414,"column":62}},"151":{"start":{"line":415,"column":4},"end":{"line":417,"column":null}},"152":{"start":{"line":416,"column":6},"end":{"line":416,"column":65}},"153":{"start":{"line":418,"column":24},"end":{"line":418,"column":69}},"154":{"start":{"line":419,"column":4},"end":{"line":419,"column":74}},"155":{"start":{"line":421,"column":4},"end":{"line":421,"column":70}},"156":{"start":{"line":411,"column":0},"end":{"line":411,"column":7}},"157":{"start":{"line":426,"column":2},"end":{"line":448,"column":null}},"158":{"start":{"line":427,"column":19},"end":{"line":427,"column":29}},"159":{"start":{"line":429,"column":19},"end":{"line":437,"column":6}},"160":{"start":{"line":438,"column":4},"end":{"line":442,"column":7}},"161":{"start":{"line":444,"column":4},"end":{"line":447,"column":7}},"162":{"start":{"line":425,"column":0},"end":{"line":425,"column":7}},"163":{"start":{"line":452,"column":2},"end":{"line":478,"column":null}},"164":{"start":{"line":453,"column":19},"end":{"line":453,"column":29}},"165":{"start":{"line":455,"column":19},"end":{"line":464,"column":6}},"166":{"start":{"line":468,"column":4},"end":{"line":472,"column":7}},"167":{"start":{"line":474,"column":4},"end":{"line":477,"column":7}},"168":{"start":{"line":451,"column":0},"end":{"line":451,"column":7}},"169":{"start":{"line":482,"column":2},"end":{"line":506,"column":null}},"170":{"start":{"line":483,"column":19},"end":{"line":483,"column":29}},"171":{"start":{"line":485,"column":19},"end":{"line":494,"column":6}},"172":{"start":{"line":496,"column":4},"end":{"line":500,"column":7}},"173":{"start":{"line":502,"column":4},"end":{"line":505,"column":7}},"174":{"start":{"line":481,"column":0},"end":{"line":481,"column":7}},"175":{"start":{"line":510,"column":2},"end":{"line":536,"column":null}},"176":{"start":{"line":511,"column":19},"end":{"line":511,"column":27}},"177":{"start":{"line":513,"column":19},"end":{"line":516,"column":6}},"178":{"start":{"line":518,"column":4},"end":{"line":523,"column":null}},"179":{"start":{"line":519,"column":6},"end":{"line":522,"column":9}},"180":{"start":{"line":525,"column":4},"end":{"line":529,"column":7}},"181":{"start":{"line":531,"column":4},"end":{"line":531,"column":null}},"182":{"start":{"line":532,"column":4},"end":{"line":535,"column":7}},"183":{"start":{"line":509,"column":0},"end":{"line":509,"column":7}}},"fnMap":{"0":{"name":"registerUser","decl":{"start":{"line":18,"column":22},"end":{"line":18,"column":34}},"loc":{"start":{"line":18,"column":82},"end":{"line":97,"column":1}}},"1":{"name":"verifyUser","decl":{"start":{"line":101,"column":22},"end":{"line":101,"column":32}},"loc":{"start":{"line":101,"column":80},"end":{"line":131,"column":1}}},"2":{"name":"resendVerificationLink","decl":{"start":{"line":132,"column":22},"end":{"line":132,"column":44}},"loc":{"start":{"line":132,"column":92},"end":{"line":189,"column":1}}},"3":{"name":"(anonymous_4)","decl":{"start":{"line":168,"column":14},"end":{"line":168,"column":15}},"loc":{"start":{"line":168,"column":33},"end":{"line":174,"column":9}}},"4":{"name":"(anonymous_5)","decl":{"start":{"line":175,"column":15},"end":{"line":175,"column":16}},"loc":{"start":{"line":175,"column":23},"end":{"line":180,"column":9}}},"5":{"name":"updateUser","decl":{"start":{"line":191,"column":22},"end":{"line":191,"column":32}},"loc":{"start":{"line":191,"column":80},"end":{"line":242,"column":1}}},"6":{"name":"userLogin","decl":{"start":{"line":243,"column":22},"end":{"line":243,"column":31}},"loc":{"start":{"line":243,"column":79},"end":{"line":297,"column":1}}},"7":{"name":"forgetPassword","decl":{"start":{"line":298,"column":22},"end":{"line":298,"column":36}},"loc":{"start":{"line":298,"column":84},"end":{"line":346,"column":1}}},"8":{"name":"(anonymous_9)","decl":{"start":{"line":327,"column":12},"end":{"line":327,"column":13}},"loc":{"start":{"line":327,"column":31},"end":{"line":333,"column":7}}},"9":{"name":"(anonymous_10)","decl":{"start":{"line":334,"column":13},"end":{"line":334,"column":14}},"loc":{"start":{"line":334,"column":21},"end":{"line":339,"column":7}}},"10":{"name":"resetPassword","decl":{"start":{"line":347,"column":22},"end":{"line":347,"column":35}},"loc":{"start":{"line":347,"column":83},"end":{"line":373,"column":1}}},"11":{"name":"userLogout","decl":{"start":{"line":374,"column":22},"end":{"line":374,"column":32}},"loc":{"start":{"line":374,"column":80},"end":{"line":381,"column":1}}},"12":{"name":"singleUser","decl":{"start":{"line":382,"column":22},"end":{"line":382,"column":32}},"loc":{"start":{"line":382,"column":80},"end":{"line":394,"column":1}}},"13":{"name":"allUsers","decl":{"start":{"line":396,"column":22},"end":{"line":396,"column":30}},"loc":{"start":{"line":396,"column":78},"end":{"line":410,"column":1}}},"14":{"name":"deleteUser","decl":{"start":{"line":411,"column":22},"end":{"line":411,"column":32}},"loc":{"start":{"line":411,"column":80},"end":{"line":423,"column":1}}},"15":{"name":"getUserAccount","decl":{"start":{"line":425,"column":22},"end":{"line":425,"column":36}},"loc":{"start":{"line":425,"column":90},"end":{"line":449,"column":1}}},"16":{"name":"userTransactions","decl":{"start":{"line":451,"column":22},"end":{"line":451,"column":38}},"loc":{"start":{"line":451,"column":92},"end":{"line":479,"column":1}}},"17":{"name":"userWithdrawals","decl":{"start":{"line":481,"column":22},"end":{"line":481,"column":37}},"loc":{"start":{"line":481,"column":91},"end":{"line":507,"column":1}}},"18":{"name":"walletBalance","decl":{"start":{"line":509,"column":22},"end":{"line":509,"column":35}},"loc":{"start":{"line":509,"column":69},"end":{"line":537,"column":1}}}},"branchMap":{"0":{"loc":{"start":{"line":22,"column":4},"end":{"line":26,"column":null}},"type":"if","locations":[{"start":{"line":22,"column":4},"end":{"line":26,"column":null}}]},"1":{"loc":{"start":{"line":28,"column":4},"end":{"line":32,"column":null}},"type":"if","locations":[{"start":{"line":28,"column":4},"end":{"line":32,"column":null}}]},"2":{"loc":{"start":{"line":34,"column":4},"end":{"line":38,"column":null}},"type":"if","locations":[{"start":{"line":34,"column":4},"end":{"line":38,"column":null}}]},"3":{"loc":{"start":{"line":40,"column":4},"end":{"line":44,"column":null}},"type":"if","locations":[{"start":{"line":40,"column":4},"end":{"line":44,"column":null}}]},"4":{"loc":{"start":{"line":58,"column":12},"end":{"line":58,"column":35}},"type":"binary-expr","locations":[{"start":{"line":58,"column":12},"end":{"line":58,"column":25}},{"start":{"line":58,"column":29},"end":{"line":58,"column":35}}]},"5":{"loc":{"start":{"line":105,"column":4},"end":{"line":110,"column":null}},"type":"if","locations":[{"start":{"line":105,"column":4},"end":{"line":110,"column":null}}]},"6":{"loc":{"start":{"line":112,"column":4},"end":{"line":124,"column":null}},"type":"if","locations":[{"start":{"line":112,"column":4},"end":{"line":124,"column":null}}]},"7":{"loc":{"start":{"line":137,"column":4},"end":{"line":141,"column":null}},"type":"if","locations":[{"start":{"line":137,"column":4},"end":{"line":141,"column":null}}]},"8":{"loc":{"start":{"line":142,"column":4},"end":{"line":146,"column":null}},"type":"if","locations":[{"start":{"line":142,"column":4},"end":{"line":146,"column":null}}]},"9":{"loc":{"start":{"line":149,"column":4},"end":{"line":182,"column":null}},"type":"if","locations":[{"start":{"line":149,"column":4},"end":{"line":182,"column":null}}]},"10":{"loc":{"start":{"line":203,"column":4},"end":{"line":207,"column":null}},"type":"if","locations":[{"start":{"line":203,"column":4},"end":{"line":207,"column":null}}]},"11":{"loc":{"start":{"line":208,"column":4},"end":{"line":212,"column":null}},"type":"if","locations":[{"start":{"line":208,"column":4},"end":{"line":212,"column":null}}]},"12":{"loc":{"start":{"line":214,"column":4},"end":{"line":226,"column":null}},"type":"if","locations":[{"start":{"line":214,"column":4},"end":{"line":226,"column":null}}]},"13":{"loc":{"start":{"line":223,"column":6},"end":{"line":225,"column":null}},"type":"if","locations":[{"start":{"line":223,"column":6},"end":{"line":225,"column":null}}]},"14":{"loc":{"start":{"line":227,"column":32},"end":{"line":234,"column":6}},"type":"cond-expr","locations":[{"start":{"line":227,"column":38},"end":{"line":227,"column":40}},{"start":{"line":227,"column":32},"end":{"line":234,"column":6}}]},"15":{"loc":{"start":{"line":227,"column":32},"end":{"line":227,"column":40}},"type":"binary-expr","locations":[{"start":{"line":227,"column":32},"end":{"line":227,"column":40}},{"start":{"line":227,"column":32},"end":{"line":227,"column":40}}]},"16":{"loc":{"start":{"line":232,"column":14},"end":{"line":232,"column":25}},"type":"cond-expr","locations":[{"start":{"line":232,"column":20},"end":{"line":232,"column":22}},{"start":{"line":232,"column":14},"end":{"line":232,"column":25}}]},"17":{"loc":{"start":{"line":232,"column":14},"end":{"line":232,"column":22}},"type":"binary-expr","locations":[{"start":{"line":232,"column":14},"end":{"line":232,"column":22}},{"start":{"line":232,"column":14},"end":{"line":232,"column":22}}]},"18":{"loc":{"start":{"line":233,"column":12},"end":{"line":233,"column":35}},"type":"binary-expr","locations":[{"start":{"line":233,"column":12},"end":{"line":233,"column":25}},{"start":{"line":233,"column":29},"end":{"line":233,"column":35}}]},"19":{"loc":{"start":{"line":247,"column":4},"end":{"line":249,"column":null}},"type":"if","locations":[{"start":{"line":247,"column":4},"end":{"line":249,"column":null}}]},"20":{"loc":{"start":{"line":255,"column":4},"end":{"line":259,"column":null}},"type":"if","locations":[{"start":{"line":255,"column":4},"end":{"line":259,"column":null}}]},"21":{"loc":{"start":{"line":261,"column":4},"end":{"line":263,"column":null}},"type":"if","locations":[{"start":{"line":261,"column":4},"end":{"line":263,"column":null}}]},"22":{"loc":{"start":{"line":267,"column":4},"end":{"line":269,"column":null}},"type":"if","locations":[{"start":{"line":267,"column":4},"end":{"line":269,"column":null}}]},"23":{"loc":{"start":{"line":270,"column":4},"end":{"line":292,"column":null}},"type":"if","locations":[{"start":{"line":270,"column":4},"end":{"line":292,"column":null}}]},"24":{"loc":{"start":{"line":270,"column":8},"end":{"line":270,"column":45}},"type":"binary-expr","locations":[{"start":{"line":270,"column":8},"end":{"line":270,"column":28}},{"start":{"line":270,"column":32},"end":{"line":270,"column":45}}]},"25":{"loc":{"start":{"line":302,"column":4},"end":{"line":306,"column":null}},"type":"if","locations":[{"start":{"line":302,"column":4},"end":{"line":306,"column":null}}]},"26":{"loc":{"start":{"line":352,"column":4},"end":{"line":354,"column":null}},"type":"if","locations":[{"start":{"line":352,"column":4},"end":{"line":354,"column":null}}]},"27":{"loc":{"start":{"line":356,"column":4},"end":{"line":360,"column":null}},"type":"if","locations":[{"start":{"line":356,"column":4},"end":{"line":360,"column":null}}]},"28":{"loc":{"start":{"line":386,"column":4},"end":{"line":388,"column":null}},"type":"if","locations":[{"start":{"line":386,"column":4},"end":{"line":388,"column":null}}]},"29":{"loc":{"start":{"line":403,"column":4},"end":{"line":405,"column":null}},"type":"if","locations":[{"start":{"line":403,"column":4},"end":{"line":405,"column":null}}]},"30":{"loc":{"start":{"line":415,"column":4},"end":{"line":417,"column":null}},"type":"if","locations":[{"start":{"line":415,"column":4},"end":{"line":417,"column":null}}]},"31":{"loc":{"start":{"line":518,"column":4},"end":{"line":523,"column":null}},"type":"if","locations":[{"start":{"line":518,"column":4},"end":{"line":523,"column":null}}]}},"s":{"0":1,"1":1,"2":1,"3":1,"4":1,"5":1,"6":1,"7":1,"8":1,"9":2,"10":2,"11":2,"12":2,"13":0,"14":2,"15":2,"16":0,"17":2,"18":2,"19":0,"20":2,"21":2,"22":0,"23":2,"24":2,"25":2,"26":2,"27":2,"28":2,"29":2,"30":0,"31":1,"32":1,"33":1,"34":1,"35":1,"36":0,"37":1,"38":1,"39":1,"40":1,"41":0,"42":1,"43":0,"44":0,"45":0,"46":0,"47":0,"48":0,"49":0,"50":0,"51":0,"52":0,"53":0,"54":0,"55":0,"56":0,"57":0,"58":0,"59":1,"60":1,"61":1,"62":1,"63":1,"64":1,"65":1,"66":1,"67":0,"68":1,"69":0,"70":1,"71":1,"72":1,"73":1,"74":0,"75":1,"76":1,"77":0,"78":1,"79":5,"80":5,"81":5,"82":5,"83":0,"84":5,"85":5,"86":0,"87":5,"88":0,"89":5,"90":5,"91":5,"92":5,"93":0,"94":5,"95":5,"96":0,"97":0,"98":1,"99":1,"100":1,"101":1,"102":1,"103":0,"104":1,"105":1,"106":1,"107":1,"108":1,"109":1,"110":0,"111":0,"112":1,"113":0,"114":0,"115":0,"116":0,"117":0,"118":0,"119":0,"120":0,"121":0,"122":0,"123":0,"124":0,"125":0,"126":1,"127":0,"128":0,"129":0,"130":0,"131":1,"132":0,"133":0,"134":0,"135":0,"136":0,"137":0,"138":0,"139":0,"140":1,"141":0,"142":0,"143":0,"144":0,"145":0,"146":0,"147":1,"148":0,"149":0,"150":0,"151":0,"152":0,"153":0,"154":0,"155":0,"156":1,"157":1,"158":1,"159":1,"160":1,"161":0,"162":1,"163":0,"164":0,"165":0,"166":0,"167":0,"168":1,"169":0,"170":0,"171":0,"172":0,"173":0,"174":1,"175":0,"176":0,"177":0,"178":0,"179":0,"180":0,"181":0,"182":0,"183":1},"f":{"0":2,"1":1,"2":0,"3":0,"4":0,"5":1,"6":5,"7":1,"8":1,"9":0,"10":0,"11":0,"12":0,"13":0,"14":0,"15":1,"16":0,"17":0,"18":0},"b":{"0":[0],"1":[0],"2":[0],"3":[0],"4":[2,2],"5":[0],"6":[1],"7":[0],"8":[0],"9":[0],"10":[0],"11":[0],"12":[1],"13":[0],"14":[0,1],"15":[1,1],"16":[0,1],"17":[1,1],"18":[1,1],"19":[0],"20":[0],"21":[0],"22":[0],"23":[5],"24":[5,5],"25":[0],"26":[0],"27":[0],"28":[0],"29":[0],"30":[0],"31":[0]}}
,"/Users/decagon/Desktop/SELF/live_servers/src/controller/withdraw.ts": {"path":"/Users/decagon/Desktop/SELF/live_servers/src/controller/withdraw.ts","statementMap":{"0":{"start":{"line":1,"column":0},"end":{"line":1,"column":30}},"1":{"start":{"line":3,"column":0},"end":{"line":3,"column":36}},"2":{"start":{"line":4,"column":0},"end":{"line":4,"column":57}},"3":{"start":{"line":5,"column":0},"end":{"line":5,"column":69}},"4":{"start":{"line":6,"column":0},"end":{"line":6,"column":52}},"5":{"start":{"line":7,"column":0},"end":{"line":7,"column":50}},"6":{"start":{"line":8,"column":0},"end":{"line":8,"column":52}},"7":{"start":{"line":11,"column":24},"end":{"line":106,"column":1}},"8":{"start":{"line":12,"column":13},"end":{"line":12,"column":21}},"9":{"start":{"line":14,"column":2},"end":{"line":105,"column":null}},"10":{"start":{"line":17,"column":19},"end":{"line":17,"column":30}},"11":{"start":{"line":19,"column":67},"end":{"line":19,"column":75}},"12":{"start":{"line":21,"column":27},"end":{"line":21,"column":75}},"13":{"start":{"line":22,"column":4},"end":{"line":24,"column":null}},"14":{"start":{"line":23,"column":6},"end":{"line":23,"column":75}},"15":{"start":{"line":26,"column":17},"end":{"line":26,"column":70}},"16":{"start":{"line":28,"column":4},"end":{"line":30,"column":null}},"17":{"start":{"line":29,"column":6},"end":{"line":29,"column":65}},"18":{"start":{"line":31,"column":26},"end":{"line":31,"column":71}},"19":{"start":{"line":32,"column":4},"end":{"line":34,"column":null}},"20":{"start":{"line":33,"column":6},"end":{"line":33,"column":73}},"21":{"start":{"line":36,"column":20},"end":{"line":36,"column":79}},"22":{"start":{"line":37,"column":4},"end":{"line":39,"column":null}},"23":{"start":{"line":38,"column":6},"end":{"line":38,"column":68}},"24":{"start":{"line":41,"column":4},"end":{"line":41,"column":32}},"25":{"start":{"line":42,"column":4},"end":{"line":44,"column":null}},"26":{"start":{"line":43,"column":6},"end":{"line":43,"column":95}},"27":{"start":{"line":47,"column":33},"end":{"line":47,"column":51}},"28":{"start":{"line":48,"column":4},"end":{"line":50,"column":null}},"29":{"start":{"line":49,"column":6},"end":{"line":49,"column":71}},"30":{"start":{"line":53,"column":19},"end":{"line":53,"column":40}},"31":{"start":{"line":54,"column":21},"end":{"line":55,"column":null}},"32":{"start":{"line":55,"column":40},"end":{"line":55,"column":85}},"33":{"start":{"line":57,"column":15},"end":{"line":57,"column":31}},"34":{"start":{"line":60,"column":20},"end":{"line":68,"column":6}},"35":{"start":{"line":70,"column":19},"end":{"line":70,"column":43}},"36":{"start":{"line":73,"column":4},"end":{"line":99,"column":null}},"37":{"start":{"line":74,"column":25},"end":{"line":74,"column":54}},"38":{"start":{"line":75,"column":23},"end":{"line":75,"column":106}},"39":{"start":{"line":76,"column":26},"end":{"line":83,"column":8}},"40":{"start":{"line":84,"column":6},"end":{"line":88,"column":9}},"41":{"start":{"line":90,"column":6},"end":{"line":97,"column":9}},"42":{"start":{"line":98,"column":6},"end":{"line":98,"column":81}},"43":{"start":{"line":101,"column":4},"end":{"line":104,"column":7}},"44":{"start":{"line":11,"column":13},"end":{"line":11,"column":24}},"45":{"start":{"line":109,"column":31},"end":{"line":123,"column":1}},"46":{"start":{"line":110,"column":2},"end":{"line":122,"column":null}},"47":{"start":{"line":111,"column":19},"end":{"line":111,"column":30}},"48":{"start":{"line":112,"column":25},"end":{"line":112,"column":85}},"49":{"start":{"line":113,"column":4},"end":{"line":115,"column":null}},"50":{"start":{"line":114,"column":6},"end":{"line":114,"column":72}},"51":{"start":{"line":116,"column":4},"end":{"line":116,"column":50}},"52":{"start":{"line":118,"column":4},"end":{"line":121,"column":7}},"53":{"start":{"line":109,"column":13},"end":{"line":109,"column":31}}},"fnMap":{"0":{"name":"(anonymous_1)","decl":{"start":{"line":11,"column":24},"end":{"line":11,"column":29}},"loc":{"start":{"line":11,"column":88},"end":{"line":106,"column":1}}},"1":{"name":"(anonymous_2)","decl":{"start":{"line":55,"column":6},"end":{"line":55,"column":7}},"loc":{"start":{"line":55,"column":40},"end":{"line":55,"column":85}}},"2":{"name":"(anonymous_3)","decl":{"start":{"line":109,"column":31},"end":{"line":109,"column":36}},"loc":{"start":{"line":109,"column":95},"end":{"line":123,"column":1}}}},"branchMap":{"0":{"loc":{"start":{"line":22,"column":4},"end":{"line":24,"column":null}},"type":"if","locations":[{"start":{"line":22,"column":4},"end":{"line":24,"column":null}}]},"1":{"loc":{"start":{"line":28,"column":4},"end":{"line":30,"column":null}},"type":"if","locations":[{"start":{"line":28,"column":4},"end":{"line":30,"column":null}}]},"2":{"loc":{"start":{"line":32,"column":4},"end":{"line":34,"column":null}},"type":"if","locations":[{"start":{"line":32,"column":4},"end":{"line":34,"column":null}}]},"3":{"loc":{"start":{"line":37,"column":4},"end":{"line":39,"column":null}},"type":"if","locations":[{"start":{"line":37,"column":4},"end":{"line":39,"column":null}}]},"4":{"loc":{"start":{"line":42,"column":4},"end":{"line":44,"column":null}},"type":"if","locations":[{"start":{"line":42,"column":4},"end":{"line":44,"column":null}}]},"5":{"loc":{"start":{"line":48,"column":4},"end":{"line":50,"column":null}},"type":"if","locations":[{"start":{"line":48,"column":4},"end":{"line":50,"column":null}}]},"6":{"loc":{"start":{"line":73,"column":4},"end":{"line":99,"column":null}},"type":"if","locations":[{"start":{"line":73,"column":4},"end":{"line":99,"column":null}},{"start":{"line":89,"column":11},"end":{"line":99,"column":null}}]},"7":{"loc":{"start":{"line":113,"column":4},"end":{"line":115,"column":null}},"type":"if","locations":[{"start":{"line":113,"column":4},"end":{"line":115,"column":null}}]}},"s":{"0":1,"1":1,"2":1,"3":1,"4":1,"5":1,"6":1,"7":1,"8":0,"9":0,"10":0,"11":0,"12":0,"13":0,"14":0,"15":0,"16":0,"17":0,"18":0,"19":0,"20":0,"21":0,"22":0,"23":0,"24":0,"25":0,"26":0,"27":0,"28":0,"29":0,"30":0,"31":0,"32":0,"33":0,"34":0,"35":0,"36":0,"37":0,"38":0,"39":0,"40":0,"41":0,"42":0,"43":0,"44":1,"45":1,"46":0,"47":0,"48":0,"49":0,"50":0,"51":0,"52":0,"53":1},"f":{"0":0,"1":0,"2":0},"b":{"0":[0],"1":[0],"2":[0],"3":[0],"4":[0],"5":[0],"6":[0,0],"7":[0]}}
,"/Users/decagon/Desktop/SELF/live_servers/src/middleware/adminAuth.ts": {"path":"/Users/decagon/Desktop/SELF/live_servers/src/middleware/adminAuth.ts","statementMap":{"0":{"start":{"line":2,"column":0},"end":{"line":2,"column":31}},"1":{"start":{"line":3,"column":15},"end":{"line":3,"column":47}},"2":{"start":{"line":4,"column":0},"end":{"line":4,"column":50}},"3":{"start":{"line":7,"column":2},"end":{"line":48,"column":null}},"4":{"start":{"line":8,"column":34},"end":{"line":8,"column":73}},"5":{"start":{"line":9,"column":4},"end":{"line":13,"column":null}},"6":{"start":{"line":10,"column":6},"end":{"line":12,"column":9}},"7":{"start":{"line":15,"column":18},"end":{"line":15,"column":31}},"8":{"start":{"line":16,"column":19},"end":{"line":16,"column":44}},"9":{"start":{"line":18,"column":4},"end":{"line":22,"column":null}},"10":{"start":{"line":19,"column":6},"end":{"line":21,"column":9}},"11":{"start":{"line":24,"column":19},"end":{"line":24,"column":56}},"12":{"start":{"line":26,"column":17},"end":{"line":26,"column":62}},"13":{"start":{"line":28,"column":4},"end":{"line":32,"column":null}},"14":{"start":{"line":29,"column":6},"end":{"line":31,"column":9}},"15":{"start":{"line":34,"column":4},"end":{"line":38,"column":null}},"16":{"start":{"line":35,"column":6},"end":{"line":37,"column":9}},"17":{"start":{"line":40,"column":4},"end":{"line":40,"column":24}},"18":{"start":{"line":41,"column":4},"end":{"line":41,"column":11}},"19":{"start":{"line":43,"column":4},"end":{"line":43,"column":23}},"20":{"start":{"line":45,"column":4},"end":{"line":47,"column":7}},"21":{"start":{"line":6,"column":0},"end":{"line":6,"column":7}}},"fnMap":{"0":{"name":"adminAuth","decl":{"start":{"line":6,"column":22},"end":{"line":6,"column":31}},"loc":{"start":{"line":6,"column":85},"end":{"line":49,"column":1}}}},"branchMap":{"0":{"loc":{"start":{"line":9,"column":4},"end":{"line":13,"column":null}},"type":"if","locations":[{"start":{"line":9,"column":4},"end":{"line":13,"column":null}}]},"1":{"loc":{"start":{"line":18,"column":4},"end":{"line":22,"column":null}},"type":"if","locations":[{"start":{"line":18,"column":4},"end":{"line":22,"column":null}}]},"2":{"loc":{"start":{"line":28,"column":4},"end":{"line":32,"column":null}},"type":"if","locations":[{"start":{"line":28,"column":4},"end":{"line":32,"column":null}}]},"3":{"loc":{"start":{"line":34,"column":4},"end":{"line":38,"column":null}},"type":"if","locations":[{"start":{"line":34,"column":4},"end":{"line":38,"column":null}}]}},"s":{"0":1,"1":1,"2":1,"3":0,"4":0,"5":0,"6":0,"7":0,"8":0,"9":0,"10":0,"11":0,"12":0,"13":0,"14":0,"15":0,"16":0,"17":0,"18":0,"19":0,"20":0,"21":1},"f":{"0":0},"b":{"0":[0],"1":[0],"2":[0],"3":[0]}}
,"/Users/decagon/Desktop/SELF/live_servers/src/middleware/auth.ts": {"path":"/Users/decagon/Desktop/SELF/live_servers/src/middleware/auth.ts","statementMap":{"0":{"start":{"line":2,"column":0},"end":{"line":2,"column":31}},"1":{"start":{"line":3,"column":15},"end":{"line":3,"column":47}},"2":{"start":{"line":4,"column":0},"end":{"line":4,"column":50}},"3":{"start":{"line":7,"column":2},"end":{"line":47,"column":null}},"4":{"start":{"line":8,"column":34},"end":{"line":8,"column":73}},"5":{"start":{"line":9,"column":4},"end":{"line":13,"column":null}},"6":{"start":{"line":10,"column":6},"end":{"line":12,"column":9}},"7":{"start":{"line":15,"column":18},"end":{"line":15,"column":31}},"8":{"start":{"line":16,"column":19},"end":{"line":16,"column":44}},"9":{"start":{"line":18,"column":4},"end":{"line":22,"column":null}},"10":{"start":{"line":19,"column":6},"end":{"line":21,"column":9}},"11":{"start":{"line":23,"column":19},"end":{"line":23,"column":56}},"12":{"start":{"line":25,"column":17},"end":{"line":25,"column":62}},"13":{"start":{"line":27,"column":4},"end":{"line":31,"column":null}},"14":{"start":{"line":28,"column":6},"end":{"line":30,"column":9}},"15":{"start":{"line":33,"column":4},"end":{"line":37,"column":null}},"16":{"start":{"line":34,"column":6},"end":{"line":36,"column":9}},"17":{"start":{"line":39,"column":4},"end":{"line":39,"column":24}},"18":{"start":{"line":40,"column":4},"end":{"line":40,"column":11}},"19":{"start":{"line":42,"column":4},"end":{"line":42,"column":23}},"20":{"start":{"line":44,"column":4},"end":{"line":46,"column":7}},"21":{"start":{"line":6,"column":0},"end":{"line":6,"column":7}}},"fnMap":{"0":{"name":"auth","decl":{"start":{"line":6,"column":22},"end":{"line":6,"column":26}},"loc":{"start":{"line":6,"column":80},"end":{"line":48,"column":1}}}},"branchMap":{"0":{"loc":{"start":{"line":9,"column":4},"end":{"line":13,"column":null}},"type":"if","locations":[{"start":{"line":9,"column":4},"end":{"line":13,"column":null}}]},"1":{"loc":{"start":{"line":18,"column":4},"end":{"line":22,"column":null}},"type":"if","locations":[{"start":{"line":18,"column":4},"end":{"line":22,"column":null}}]},"2":{"loc":{"start":{"line":27,"column":4},"end":{"line":31,"column":null}},"type":"if","locations":[{"start":{"line":27,"column":4},"end":{"line":31,"column":null}}]},"3":{"loc":{"start":{"line":33,"column":4},"end":{"line":37,"column":null}},"type":"if","locations":[{"start":{"line":33,"column":4},"end":{"line":37,"column":null}}]}},"s":{"0":1,"1":1,"2":1,"3":5,"4":5,"5":5,"6":0,"7":5,"8":5,"9":5,"10":0,"11":5,"12":5,"13":5,"14":0,"15":5,"16":0,"17":5,"18":5,"19":0,"20":0,"21":1},"f":{"0":5},"b":{"0":[0],"1":[0],"2":[0],"3":[0]}}
,"/Users/decagon/Desktop/SELF/live_servers/src/middleware/otpValidate.ts": {"path":"/Users/decagon/Desktop/SELF/live_servers/src/middleware/otpValidate.ts","statementMap":{"0":{"start":{"line":2,"column":0},"end":{"line":2,"column":50}},"1":{"start":{"line":5,"column":2},"end":{"line":31,"column":null}},"2":{"start":{"line":6,"column":20},"end":{"line":6,"column":28}},"3":{"start":{"line":7,"column":19},"end":{"line":7,"column":27}},"4":{"start":{"line":9,"column":0},"end":{"line":13,"column":null}},"5":{"start":{"line":10,"column":2},"end":{"line":12,"column":5}},"6":{"start":{"line":15,"column":17},"end":{"line":15,"column":67}},"7":{"start":{"line":16,"column":4},"end":{"line":20,"column":null}},"8":{"start":{"line":17,"column":6},"end":{"line":19,"column":9}},"9":{"start":{"line":21,"column":4},"end":{"line":25,"column":null}},"10":{"start":{"line":22,"column":6},"end":{"line":24,"column":9}},"11":{"start":{"line":26,"column":4},"end":{"line":26,"column":11}},"12":{"start":{"line":28,"column":4},"end":{"line":30,"column":7}},"13":{"start":{"line":4,"column":0},"end":{"line":4,"column":7}}},"fnMap":{"0":{"name":"otpValidate","decl":{"start":{"line":4,"column":22},"end":{"line":4,"column":33}},"loc":{"start":{"line":4,"column":88},"end":{"line":33,"column":1}}}},"branchMap":{"0":{"loc":{"start":{"line":9,"column":0},"end":{"line":13,"column":null}},"type":"if","locations":[{"start":{"line":9,"column":0},"end":{"line":13,"column":null}}]},"1":{"loc":{"start":{"line":16,"column":4},"end":{"line":20,"column":null}},"type":"if","locations":[{"start":{"line":16,"column":4},"end":{"line":20,"column":null}}]},"2":{"loc":{"start":{"line":21,"column":4},"end":{"line":25,"column":null}},"type":"if","locations":[{"start":{"line":21,"column":4},"end":{"line":25,"column":null}}]}},"s":{"0":1,"1":0,"2":0,"3":0,"4":0,"5":0,"6":0,"7":0,"8":0,"9":0,"10":0,"11":0,"12":0,"13":1},"f":{"0":0},"b":{"0":[0],"1":[0],"2":[0]}}
,"/Users/decagon/Desktop/SELF/live_servers/src/model/accounts.ts": {"path":"/Users/decagon/Desktop/SELF/live_servers/src/model/accounts.ts","statementMap":{"0":{"start":{"line":1,"column":0},"end":{"line":1,"column":45}},"1":{"start":{"line":2,"column":0},"end":{"line":2,"column":43}},"2":{"start":{"line":12,"column":0},"end":{"line":12,"column":13}},"3":{"start":{"line":16,"column":0},"end":{"line":51,"column":2}}},"fnMap":{},"branchMap":{},"s":{"0":1,"1":1,"2":1,"3":1},"f":{},"b":{}}
,"/Users/decagon/Desktop/SELF/live_servers/src/model/sellAirtimeModel.ts": {"path":"/Users/decagon/Desktop/SELF/live_servers/src/model/sellAirtimeModel.ts","statementMap":{"0":{"start":{"line":1,"column":0},"end":{"line":1,"column":45}},"1":{"start":{"line":2,"column":0},"end":{"line":2,"column":43}},"2":{"start":{"line":15,"column":0},"end":{"line":15,"column":13}},"3":{"start":{"line":17,"column":0},"end":{"line":67,"column":2}}},"fnMap":{},"branchMap":{},"s":{"0":1,"1":1,"2":1,"3":1},"f":{},"b":{}}
,"/Users/decagon/Desktop/SELF/live_servers/src/model/userModel.ts": {"path":"/Users/decagon/Desktop/SELF/live_servers/src/model/userModel.ts","statementMap":{"0":{"start":{"line":1,"column":0},"end":{"line":1,"column":45}},"1":{"start":{"line":2,"column":0},"end":{"line":2,"column":43}},"2":{"start":{"line":3,"column":0},"end":{"line":3,"column":45}},"3":{"start":{"line":4,"column":0},"end":{"line":4,"column":57}},"4":{"start":{"line":5,"column":0},"end":{"line":5,"column":62}},"5":{"start":{"line":23,"column":0},"end":{"line":23,"column":13}},"6":{"start":{"line":27,"column":0},"end":{"line":136,"column":2}},"7":{"start":{"line":138,"column":0},"end":{"line":138,"column":80}},"8":{"start":{"line":139,"column":0},"end":{"line":139,"column":95}},"9":{"start":{"line":140,"column":0},"end":{"line":140,"column":null}},"10":{"start":{"line":141,"column":0},"end":{"line":141,"column":79}},"11":{"start":{"line":142,"column":0},"end":{"line":142,"column":87}},"12":{"start":{"line":143,"column":0},"end":{"line":143,"column":null}}},"fnMap":{},"branchMap":{},"s":{"0":1,"1":1,"2":1,"3":1,"4":1,"5":1,"6":1,"7":1,"8":1,"9":1,"10":1,"11":1,"12":1},"f":{},"b":{}}
,"/Users/decagon/Desktop/SELF/live_servers/src/model/withdrawalHistory.ts": {"path":"/Users/decagon/Desktop/SELF/live_servers/src/model/withdrawalHistory.ts","statementMap":{"0":{"start":{"line":1,"column":0},"end":{"line":1,"column":45}},"1":{"start":{"line":2,"column":0},"end":{"line":2,"column":43}},"2":{"start":{"line":13,"column":0},"end":{"line":13,"column":13}},"3":{"start":{"line":15,"column":0},"end":{"line":47,"column":2}}},"fnMap":{},"branchMap":{},"s":{"0":1,"1":1,"2":1,"3":1},"f":{},"b":{}}
,"/Users/decagon/Desktop/SELF/live_servers/src/routes/accounts.ts": {"path":"/Users/decagon/Desktop/SELF/live_servers/src/routes/accounts.ts","statementMap":{"0":{"start":{"line":1,"column":0},"end":{"line":1,"column":30}},"1":{"start":{"line":2,"column":15},"end":{"line":2,"column":31}},"2":{"start":{"line":3,"column":0},"end":{"line":3,"column":42}},"3":{"start":{"line":4,"column":0},"end":{"line":4,"column":null}},"4":{"start":{"line":11,"column":0},"end":{"line":11,"column":51}},"5":{"start":{"line":12,"column":0},"end":{"line":12,"column":54}},"6":{"start":{"line":13,"column":0},"end":{"line":13,"column":61}},"7":{"start":{"line":14,"column":0},"end":{"line":14,"column":56}},"8":{"start":{"line":17,"column":0},"end":{"line":17,"column":22}}},"fnMap":{},"branchMap":{},"s":{"0":1,"1":1,"2":1,"3":1,"4":1,"5":1,"6":1,"7":1,"8":1},"f":{},"b":{}}
,"/Users/decagon/Desktop/SELF/live_servers/src/routes/credit.ts": {"path":"/Users/decagon/Desktop/SELF/live_servers/src/routes/credit.ts","statementMap":{"0":{"start":{"line":1,"column":0},"end":{"line":1,"column":30}},"1":{"start":{"line":2,"column":15},"end":{"line":2,"column":31}},"2":{"start":{"line":3,"column":0},"end":{"line":3,"column":52}},"3":{"start":{"line":4,"column":0},"end":{"line":4,"column":46}},"4":{"start":{"line":5,"column":0},"end":{"line":5,"column":56}},"5":{"start":{"line":7,"column":0},"end":{"line":8,"column":null}},"6":{"start":{"line":10,"column":0},"end":{"line":10,"column":null}}},"fnMap":{},"branchMap":{},"s":{"0":1,"1":1,"2":1,"3":1,"4":1,"5":1,"6":1},"f":{},"b":{}}
,"/Users/decagon/Desktop/SELF/live_servers/src/routes/email.ts": {"path":"/Users/decagon/Desktop/SELF/live_servers/src/routes/email.ts","statementMap":{"0":{"start":{"line":1,"column":0},"end":{"line":1,"column":30}},"1":{"start":{"line":2,"column":0},"end":{"line":2,"column":57}},"2":{"start":{"line":4,"column":15},"end":{"line":4,"column":31}},"3":{"start":{"line":7,"column":0},"end":{"line":7,"column":27}},"4":{"start":{"line":9,"column":0},"end":{"line":9,"column":null}}},"fnMap":{},"branchMap":{},"s":{"0":1,"1":1,"2":1,"3":1,"4":1},"f":{},"b":{}}
,"/Users/decagon/Desktop/SELF/live_servers/src/routes/transaction.ts": {"path":"/Users/decagon/Desktop/SELF/live_servers/src/routes/transaction.ts","statementMap":{"0":{"start":{"line":1,"column":0},"end":{"line":1,"column":30}},"1":{"start":{"line":2,"column":15},"end":{"line":2,"column":31}},"2":{"start":{"line":3,"column":0},"end":{"line":3,"column":42}},"3":{"start":{"line":4,"column":0},"end":{"line":4,"column":98}},"4":{"start":{"line":5,"column":0},"end":{"line":5,"column":52}},"5":{"start":{"line":7,"column":0},"end":{"line":7,"column":51}},"6":{"start":{"line":8,"column":0},"end":{"line":8,"column":59}},"7":{"start":{"line":9,"column":0},"end":{"line":9,"column":67}},"8":{"start":{"line":11,"column":0},"end":{"line":11,"column":22}}},"fnMap":{},"branchMap":{},"s":{"0":1,"1":1,"2":1,"3":1,"4":1,"5":1,"6":1,"7":1,"8":1},"f":{},"b":{}}
,"/Users/decagon/Desktop/SELF/live_servers/src/routes/users.ts": {"path":"/Users/decagon/Desktop/SELF/live_servers/src/routes/users.ts","statementMap":{"0":{"start":{"line":1,"column":0},"end":{"line":1,"column":30}},"1":{"start":{"line":2,"column":0},"end":{"line":2,"column":null}},"2":{"start":{"line":18,"column":0},"end":{"line":18,"column":52}},"3":{"start":{"line":19,"column":0},"end":{"line":19,"column":42}},"4":{"start":{"line":20,"column":0},"end":{"line":20,"column":52}},"5":{"start":{"line":22,"column":15},"end":{"line":22,"column":31}},"6":{"start":{"line":25,"column":0},"end":{"line":25,"column":39}},"7":{"start":{"line":26,"column":0},"end":{"line":26,"column":41}},"8":{"start":{"line":27,"column":0},"end":{"line":27,"column":33}},"9":{"start":{"line":28,"column":0},"end":{"line":28,"column":47}},"10":{"start":{"line":29,"column":0},"end":{"line":29,"column":46}},"11":{"start":{"line":30,"column":0},"end":{"line":30,"column":53}},"12":{"start":{"line":31,"column":0},"end":{"line":31,"column":60}},"13":{"start":{"line":32,"column":0},"end":{"line":32,"column":53}},"14":{"start":{"line":33,"column":0},"end":{"line":33,"column":59}},"15":{"start":{"line":34,"column":0},"end":{"line":34,"column":58}},"16":{"start":{"line":35,"column":0},"end":{"line":35,"column":50}},"17":{"start":{"line":36,"column":0},"end":{"line":36,"column":42}},"18":{"start":{"line":37,"column":0},"end":{"line":37,"column":45}},"19":{"start":{"line":38,"column":0},"end":{"line":38,"column":49}},"20":{"start":{"line":39,"column":0},"end":{"line":39,"column":43}},"21":{"start":{"line":40,"column":0},"end":{"line":40,"column":56}},"22":{"start":{"line":41,"column":0},"end":{"line":41,"column":22}}},"fnMap":{},"branchMap":{},"s":{"0":1,"1":1,"2":1,"3":1,"4":1,"5":1,"6":1,"7":1,"8":1,"9":1,"10":1,"11":1,"12":1,"13":1,"14":1,"15":1,"16":1,"17":1,"18":1,"19":1,"20":1,"21":1,"22":1},"f":{},"b":{}}
,"/Users/decagon/Desktop/SELF/live_servers/src/routes/withdraw.ts": {"path":"/Users/decagon/Desktop/SELF/live_servers/src/routes/withdraw.ts","statementMap":{"0":{"start":{"line":1,"column":0},"end":{"line":1,"column":30}},"1":{"start":{"line":2,"column":15},"end":{"line":2,"column":31}},"2":{"start":{"line":3,"column":0},"end":{"line":3,"column":42}},"3":{"start":{"line":4,"column":0},"end":{"line":4,"column":67}},"4":{"start":{"line":5,"column":0},"end":{"line":5,"column":56}},"5":{"start":{"line":7,"column":0},"end":{"line":7,"column":54}},"6":{"start":{"line":8,"column":0},"end":{"line":8,"column":54}},"7":{"start":{"line":10,"column":0},"end":{"line":10,"column":22}}},"fnMap":{},"branchMap":{},"s":{"0":1,"1":1,"2":1,"3":1,"4":1,"5":1,"6":1,"7":1},"f":{},"b":{}}
,"/Users/decagon/Desktop/SELF/live_servers/src/utils/utils.ts": {"path":"/Users/decagon/Desktop/SELF/live_servers/src/utils/utils.ts","statementMap":{"0":{"start":{"line":1,"column":0},"end":{"line":1,"column":22}},"1":{"start":{"line":2,"column":0},"end":{"line":2,"column":31}},"2":{"start":{"line":3,"column":13},"end":{"line":9,"column":3}},"3":{"start":{"line":11,"column":13},"end":{"line":31,"column":39}},"4":{"start":{"line":33,"column":13},"end":{"line":41,"column":3}},"5":{"start":{"line":43,"column":13},"end":{"line":48,"column":3}},"6":{"start":{"line":50,"column":13},"end":{"line":59,"column":39}},"7":{"start":{"line":61,"column":13},"end":{"line":68,"column":2}},"8":{"start":{"line":70,"column":29},"end":{"line":74,"column":1}},"9":{"start":{"line":71,"column":15},"end":{"line":71,"column":47}},"10":{"start":{"line":72,"column":20},"end":{"line":72,"column":54}},"11":{"start":{"line":73,"column":2},"end":{"line":73,"column":45}},"12":{"start":{"line":70,"column":13},"end":{"line":70,"column":29}},"13":{"start":{"line":76,"column":13},"end":{"line":84,"column":3}},"14":{"start":{"line":85,"column":13},"end":{"line":98,"column":3}},"15":{"start":{"line":100,"column":13},"end":{"line":115,"column":3}},"16":{"start":{"line":117,"column":13},"end":{"line":124,"column":3}},"17":{"start":{"line":126,"column":13},"end":{"line":134,"column":3}},"18":{"start":{"line":136,"column":13},"end":{"line":138,"column":3}}},"fnMap":{"0":{"name":"(anonymous_1)","decl":{"start":{"line":70,"column":29},"end":{"line":70,"column":30}},"loc":{"start":{"line":70,"column":75},"end":{"line":74,"column":1}}}},"branchMap":{},"s":{"0":1,"1":1,"2":1,"3":1,"4":1,"5":1,"6":1,"7":1,"8":1,"9":5,"10":5,"11":5,"12":1,"13":1,"14":1,"15":1,"16":1,"17":1,"18":1},"f":{"0":5},"b":{}}
}
