TN:
SF:src/app.ts
FN:22,(anonymous_1)
FN:25,(anonymous_2)
FN:52,(anonymous_3)
FNF:3
FNH:1
FNDA:1,(anonymous_1)
FNDA:0,(anonymous_2)
FNDA:0,(anonymous_3)
DA:2,1
DA:3,1
DA:4,1
DA:5,1
DA:6,1
DA:7,1
DA:8,1
DA:11,1
DA:12,1
DA:13,1
DA:16,1
DA:17,1
DA:18,1
DA:19,1
DA:20,1
DA:21,1
DA:23,1
DA:26,0
DA:29,1
DA:31,1
DA:32,1
DA:33,1
DA:34,1
DA:35,1
DA:36,1
DA:38,1
DA:39,1
DA:40,1
DA:41,1
DA:42,1
DA:43,1
DA:44,1
DA:52,1
DA:54,0
DA:55,0
DA:58,0
DA:62,1
LF:37
LH:33
BRDA:55,0,0,0
BRDA:55,0,1,0
BRDA:58,1,0,0
BRDA:58,1,1,0
BRF:4
BRH:0
end_of_record
TN:
SF:src/config/database.config.ts
FNF:0
FNH:0
DA:1,1
DA:3,1
DA:9,1
LF:3
LH:3
BRF:0
BRH:0
end_of_record
TN:
SF:src/controller/accounts.ts
FN:5,CreateAccount
FN:45,getBankAccounts
FN:65,deleteBankAccount
FN:90,getUserAccount
FNF:4
FNH:2
FNDA:2,CreateAccount
FNDA:0,getBankAccounts
FNDA:1,deleteBankAccount
FNDA:0,getUserAccount
DA:2,1
DA:3,1
DA:4,1
DA:5,1
DA:6,2
DA:7,2
DA:8,2
DA:9,2
DA:10,2
DA:11,0
DA:16,2
DA:19,2
DA:20,0
DA:24,2
DA:31,2
DA:32,2
DA:39,0
DA:45,1
DA:46,0
DA:47,0
DA:48,0
DA:51,0
DA:52,0
DA:59,0
DA:65,1
DA:66,1
DA:67,1
DA:68,1
DA:71,1
DA:72,1
DA:73,1
DA:78,0
DA:84,0
DA:90,1
DA:91,0
DA:92,0
DA:93,0
DA:96,0
DA:97,0
DA:104,0
LF:40
LH:23
BRDA:10,0,0,0
BRDA:19,1,0,0
BRDA:31,2,0,2
BRDA:51,3,0,0
BRDA:71,4,0,1
BRDA:96,5,0,0
BRF:6
BRH:2
end_of_record
TN:
SF:src/controller/credit.ts
FN:8,credit
FNF:1
FNH:0
FNDA:0,credit
DA:2,1
DA:3,1
DA:4,1
DA:5,1
DA:6,1
DA:8,1
DA:9,0
DA:10,0
DA:12,0
DA:13,0
DA:15,0
DA:16,0
DA:17,0
DA:21,0
DA:22,0
DA:24,0
DA:25,0
DA:30,0
DA:33,0
DA:36,0
DA:37,0
DA:44,0
DA:45,0
DA:49,0
DA:50,0
DA:52,0
DA:53,0
DA:70,0
DA:72,0
DA:73,0
DA:87,0
DA:89,0
DA:93,0
DA:99,0
DA:100,0
LF:35
LH:6
BRDA:16,0,0,0
BRDA:24,1,0,0
BRDA:36,2,0,0
BRDA:49,3,0,0
BRDA:49,3,1,0
BRF:5
BRH:0
end_of_record
TN:
SF:src/controller/emailController.ts
FN:19,(anonymous_1)
FN:20,(anonymous_2)
FN:39,(anonymous_3)
FN:45,(anonymous_4)
FN:57,sendMail
FN:59,(anonymous_6)
FN:62,(anonymous_7)
FNF:7
FNH:3
FNDA:3,(anonymous_1)
FNDA:3,(anonymous_2)
FNDA:0,(anonymous_3)
FNDA:3,(anonymous_4)
FNDA:0,sendMail
FNDA:0,(anonymous_6)
FNDA:0,(anonymous_7)
DA:2,1
DA:3,1
DA:5,1
DA:19,1
DA:20,3
DA:21,3
DA:22,3
DA:23,3
DA:30,3
DA:31,3
DA:32,3
DA:33,0
DA:37,3
DA:40,0
DA:46,3
DA:52,0
DA:57,1
DA:58,0
DA:60,0
DA:63,0
LF:20
LH:14
BRDA:22,0,0,3
BRDA:22,0,1,3
BRDA:32,1,0,0
BRF:3
BRH:2
end_of_record
TN:
SF:src/controller/fluter.ts
FN:13,(anonymous_1)
FN:21,(anonymous_2)
FNF:2
FNH:0
FNDA:0,(anonymous_1)
FNDA:0,(anonymous_2)
DA:1,1
DA:2,1
DA:3,1
DA:4,1
DA:5,1
DA:6,1
DA:13,1
DA:14,0
DA:15,0
DA:16,0
DA:18,0
DA:21,1
DA:22,0
DA:23,0
DA:24,0
DA:26,0
LF:16
LH:8
BRF:0
BRH:0
end_of_record
TN:
SF:src/controller/sellAirtime.ts
FN:9,postSellAirtime
FN:70,allTransactions
FN:107,pendingTransactions
FNF:3
FNH:0
FNDA:0,postSellAirtime
FNDA:0,allTransactions
FNDA:0,pendingTransactions
DA:2,1
DA:4,1
DA:5,1
DA:6,1
DA:7,1
DA:9,1
DA:10,0
DA:11,0
DA:12,0
DA:13,0
DA:15,0
DA:16,0
DA:17,0
DA:19,0
DA:20,0
DA:21,0
DA:23,0
DA:26,0
DA:27,0
DA:28,0
DA:38,0
DA:39,0
DA:42,0
DA:43,0
DA:63,0
DA:64,0
DA:66,0
DA:70,1
DA:71,0
DA:72,0
DA:73,0
DA:74,0
DA:75,0
DA:76,0
DA:79,0
DA:80,0
DA:81,0
DA:84,0
DA:91,0
DA:92,0
DA:94,0
DA:100,0
DA:107,1
DA:108,0
DA:109,0
DA:110,0
DA:111,0
DA:112,0
DA:113,0
DA:114,0
DA:117,0
DA:118,0
DA:119,0
DA:122,0
DA:130,0
DA:131,0
DA:133,0
DA:139,0
LF:58
LH:8
BRDA:16,0,0,0
BRDA:20,1,0,0
BRDA:38,2,0,0
BRDA:75,3,0,0
BRDA:75,4,0,0
BRDA:75,4,1,0
BRDA:80,5,0,0
BRDA:80,6,0,0
BRDA:80,6,1,0
BRDA:80,6,2,0
BRDA:91,7,0,0
BRDA:113,8,0,0
BRDA:113,9,0,0
BRDA:113,9,1,0
BRDA:118,10,0,0
BRDA:118,11,0,0
BRDA:118,11,1,0
BRDA:118,11,2,0
BRDA:130,12,0,0
BRF:19
BRH:0
end_of_record
TN:
SF:src/controller/smsController.ts
FN:9,(anonymous_0)
FNF:1
FNH:0
FNDA:0,(anonymous_0)
DA:3,1
DA:4,1
DA:5,1
DA:6,1
DA:9,1
DA:10,0
DA:13,0
DA:14,0
DA:15,0
DA:21,0
DA:22,0
DA:23,0
DA:26,0
DA:29,0
DA:30,0
DA:31,0
DA:32,0
DA:33,0
DA:35,0
DA:38,0
DA:43,0
DA:46,0
DA:47,0
DA:52,0
DA:53,0
DA:60,0
DA:61,0
LF:27
LH:5
BRDA:14,0,0,0
BRDA:32,1,0,0
BRDA:52,2,0,0
BRF:3
BRH:0
end_of_record
TN:
SF:src/controller/userController.ts
FN:18,registerUser
FN:101,verifyUser
FN:132,resendVerificationLink
FN:168,(anonymous_4)
FN:175,(anonymous_5)
FN:191,updateUser
FN:243,userLogin
FN:298,forgetPassword
FN:327,(anonymous_9)
FN:334,(anonymous_10)
FN:347,resetPassword
FN:374,userLogout
FN:382,singleUser
FN:396,allUsers
FN:411,deleteUser
FN:425,getUserAccount
FN:451,userTransactions
FN:481,userWithdrawals
FN:509,walletBalance
FNF:19
FNH:7
FNDA:2,registerUser
FNDA:1,verifyUser
FNDA:0,resendVerificationLink
FNDA:0,(anonymous_4)
FNDA:0,(anonymous_5)
FNDA:1,updateUser
FNDA:5,userLogin
FNDA:1,forgetPassword
FNDA:1,(anonymous_9)
FNDA:0,(anonymous_10)
FNDA:0,resetPassword
FNDA:0,userLogout
FNDA:0,singleUser
FNDA:0,allUsers
FNDA:0,deleteUser
FNDA:1,getUserAccount
FNDA:0,userTransactions
FNDA:0,userWithdrawals
FNDA:0,walletBalance
DA:2,1
DA:3,1
DA:11,1
DA:12,1
DA:13,1
DA:14,1
DA:15,1
DA:16,1
DA:17,1
DA:18,1
DA:19,2
DA:20,2
DA:21,2
DA:22,2
DA:23,0
DA:27,2
DA:28,2
DA:29,0
DA:33,2
DA:34,2
DA:35,0
DA:39,2
DA:40,2
DA:41,0
DA:45,2
DA:46,2
DA:47,2
DA:60,2
DA:61,2
DA:77,2
DA:78,2
DA:92,0
DA:101,1
DA:102,1
DA:103,1
DA:104,1
DA:105,1
DA:106,0
DA:111,1
DA:112,1
DA:114,1
DA:115,1
DA:126,0
DA:132,1
DA:133,0
DA:134,0
DA:135,0
DA:137,0
DA:138,0
DA:142,0
DA:143,0
DA:147,0
DA:148,0
DA:149,0
DA:150,0
DA:151,0
DA:167,0
DA:169,0
DA:176,0
DA:184,0
DA:191,1
DA:192,1
DA:193,1
DA:198,1
DA:200,1
DA:201,1
DA:202,1
DA:203,1
DA:204,0
DA:208,1
DA:209,0
DA:213,1
DA:214,1
DA:215,1
DA:223,1
DA:224,0
DA:227,1
DA:235,1
DA:240,0
DA:243,1
DA:244,5
DA:245,5
DA:246,5
DA:247,5
DA:248,0
DA:251,5
DA:255,5
DA:256,0
DA:261,5
DA:262,0
DA:264,5
DA:265,5
DA:266,5
DA:267,5
DA:268,0
DA:270,5
DA:271,5
DA:293,0
DA:295,0
DA:298,1
DA:299,1
DA:300,1
DA:301,1
DA:302,1
DA:303,0
DA:307,1
DA:308,1
DA:309,1
DA:310,1
DA:326,1
DA:328,1
DA:335,0
DA:341,0
DA:347,1
DA:348,0
DA:349,0
DA:350,0
DA:351,0
DA:352,0
DA:353,0
DA:355,0
DA:356,0
DA:357,0
DA:361,0
DA:362,0
DA:363,0
DA:368,0
DA:374,1
DA:375,0
DA:376,0
DA:377,0
DA:379,0
DA:382,1
DA:383,0
DA:384,0
DA:385,0
DA:386,0
DA:387,0
DA:389,0
DA:391,0
DA:392,0
DA:396,1
DA:397,0
DA:398,0
DA:403,0
DA:404,0
DA:406,0
DA:408,0
DA:411,1
DA:412,0
DA:413,0
DA:414,0
DA:415,0
DA:416,0
DA:418,0
DA:419,0
DA:421,0
DA:425,1
DA:426,1
DA:427,1
DA:429,1
DA:438,1
DA:444,0
DA:451,1
DA:452,0
DA:453,0
DA:455,0
DA:468,0
DA:474,0
DA:481,1
DA:482,0
DA:483,0
DA:485,0
DA:496,0
DA:502,0
DA:509,1
DA:510,0
DA:511,0
DA:513,0
DA:518,0
DA:519,0
DA:525,0
DA:531,0
DA:532,0
LF:184
LH:90
BRDA:22,0,0,0
BRDA:28,1,0,0
BRDA:34,2,0,0
BRDA:40,3,0,0
BRDA:58,4,0,2
BRDA:58,4,1,2
BRDA:105,5,0,0
BRDA:112,6,0,1
BRDA:137,7,0,0
BRDA:142,8,0,0
BRDA:149,9,0,0
BRDA:203,10,0,0
BRDA:208,11,0,0
BRDA:214,12,0,1
BRDA:223,13,0,0
BRDA:227,14,0,0
BRDA:227,14,1,1
BRDA:227,15,0,1
BRDA:227,15,1,1
BRDA:232,16,0,0
BRDA:232,16,1,1
BRDA:232,17,0,1
BRDA:232,17,1,1
BRDA:233,18,0,1
BRDA:233,18,1,1
BRDA:247,19,0,0
BRDA:255,20,0,0
BRDA:261,21,0,0
BRDA:267,22,0,0
BRDA:270,23,0,5
BRDA:270,24,0,5
BRDA:270,24,1,5
BRDA:302,25,0,0
BRDA:352,26,0,0
BRDA:356,27,0,0
BRDA:386,28,0,0
BRDA:403,29,0,0
BRDA:415,30,0,0
BRDA:518,31,0,0
BRF:39
BRH:15
end_of_record
TN:
SF:src/controller/withdraw.ts
FN:11,(anonymous_1)
FN:55,(anonymous_2)
FN:109,(anonymous_3)
FNF:3
FNH:0
FNDA:0,(anonymous_1)
FNDA:0,(anonymous_2)
FNDA:0,(anonymous_3)
DA:1,1
DA:3,1
DA:4,1
DA:5,1
DA:6,1
DA:7,1
DA:8,1
DA:11,1
DA:12,0
DA:14,0
DA:17,0
DA:19,0
DA:21,0
DA:22,0
DA:23,0
DA:26,0
DA:28,0
DA:29,0
DA:31,0
DA:32,0
DA:33,0
DA:36,0
DA:37,0
DA:38,0
DA:41,0
DA:42,0
DA:43,0
DA:47,0
DA:48,0
DA:49,0
DA:53,0
DA:54,0
DA:55,0
DA:57,0
DA:60,0
DA:70,0
DA:73,0
DA:74,0
DA:75,0
DA:76,0
DA:84,0
DA:90,0
DA:98,0
DA:101,0
DA:109,1
DA:110,0
DA:111,0
DA:112,0
DA:113,0
DA:114,0
DA:116,0
DA:118,0
LF:52
LH:9
BRDA:22,0,0,0
BRDA:28,1,0,0
BRDA:32,2,0,0
BRDA:37,3,0,0
BRDA:42,4,0,0
BRDA:48,5,0,0
BRDA:73,6,0,0
BRDA:73,6,1,0
BRDA:113,7,0,0
BRF:9
BRH:0
end_of_record
TN:
SF:src/middleware/adminAuth.ts
FN:6,adminAuth
FNF:1
FNH:0
FNDA:0,adminAuth
DA:2,1
DA:3,1
DA:4,1
DA:6,1
DA:7,0
DA:8,0
DA:9,0
DA:10,0
DA:15,0
DA:16,0
DA:18,0
DA:19,0
DA:24,0
DA:26,0
DA:28,0
DA:29,0
DA:34,0
DA:35,0
DA:40,0
DA:41,0
DA:43,0
DA:45,0
LF:22
LH:4
BRDA:9,0,0,0
BRDA:18,1,0,0
BRDA:28,2,0,0
BRDA:34,3,0,0
BRF:4
BRH:0
end_of_record
TN:
SF:src/middleware/auth.ts
FN:6,auth
FNF:1
FNH:1
FNDA:5,auth
DA:2,1
DA:3,1
DA:4,1
DA:6,1
DA:7,5
DA:8,5
DA:9,5
DA:10,0
DA:15,5
DA:16,5
DA:18,5
DA:19,0
DA:23,5
DA:25,5
DA:27,5
DA:28,0
DA:33,5
DA:34,0
DA:39,5
DA:40,5
DA:42,0
DA:44,0
LF:22
LH:16
BRDA:9,0,0,0
BRDA:18,1,0,0
BRDA:27,2,0,0
BRDA:33,3,0,0
BRF:4
BRH:0
end_of_record
TN:
SF:src/middleware/otpValidate.ts
FN:4,otpValidate
FNF:1
FNH:0
FNDA:0,otpValidate
DA:2,1
DA:4,1
DA:5,0
DA:6,0
DA:7,0
DA:9,0
DA:10,0
DA:15,0
DA:16,0
DA:17,0
DA:21,0
DA:22,0
DA:26,0
DA:28,0
LF:14
LH:2
BRDA:9,0,0,0
BRDA:16,1,0,0
BRDA:21,2,0,0
BRF:3
BRH:0
end_of_record
TN:
SF:src/model/accounts.ts
FNF:0
FNH:0
DA:1,1
DA:2,1
DA:12,1
DA:16,1
LF:4
LH:4
BRF:0
BRH:0
end_of_record
TN:
SF:src/model/sellAirtimeModel.ts
FNF:0
FNH:0
DA:1,1
DA:2,1
DA:15,1
DA:17,1
LF:4
LH:4
BRF:0
BRH:0
end_of_record
TN:
SF:src/model/userModel.ts
FNF:0
FNH:0
DA:1,1
DA:2,1
DA:3,1
DA:4,1
DA:5,1
DA:23,1
DA:27,1
DA:138,1
DA:139,1
DA:140,1
DA:141,1
DA:142,1
DA:143,1
LF:13
LH:13
BRF:0
BRH:0
end_of_record
TN:
SF:src/model/withdrawalHistory.ts
FNF:0
FNH:0
DA:1,1
DA:2,1
DA:13,1
DA:15,1
LF:4
LH:4
BRF:0
BRH:0
end_of_record
TN:
SF:src/routes/accounts.ts
FNF:0
FNH:0
DA:1,1
DA:2,1
DA:3,1
DA:4,1
DA:11,1
DA:12,1
DA:13,1
DA:14,1
DA:17,1
LF:9
LH:9
BRF:0
BRH:0
end_of_record
TN:
SF:src/routes/credit.ts
FNF:0
FNH:0
DA:1,1
DA:2,1
DA:3,1
DA:4,1
DA:5,1
DA:7,1
DA:10,1
LF:7
LH:7
BRF:0
BRH:0
end_of_record
TN:
SF:src/routes/email.ts
FNF:0
FNH:0
DA:1,1
DA:2,1
DA:4,1
DA:7,1
DA:9,1
LF:5
LH:5
BRF:0
BRH:0
end_of_record
TN:
SF:src/routes/transaction.ts
FNF:0
FNH:0
DA:1,1
DA:2,1
DA:3,1
DA:4,1
DA:5,1
DA:7,1
DA:8,1
DA:9,1
DA:11,1
LF:9
LH:9
BRF:0
BRH:0
end_of_record
TN:
SF:src/routes/users.ts
FNF:0
FNH:0
DA:1,1
DA:2,1
DA:18,1
DA:19,1
DA:20,1
DA:22,1
DA:25,1
DA:26,1
DA:27,1
DA:28,1
DA:29,1
DA:30,1
DA:31,1
DA:32,1
DA:33,1
DA:34,1
DA:35,1
DA:36,1
DA:37,1
DA:38,1
DA:39,1
DA:40,1
DA:41,1
LF:23
LH:23
BRF:0
BRH:0
end_of_record
TN:
SF:src/routes/withdraw.ts
FNF:0
FNH:0
DA:1,1
DA:2,1
DA:3,1
DA:4,1
DA:5,1
DA:7,1
DA:8,1
DA:10,1
LF:8
LH:8
BRF:0
BRH:0
end_of_record
TN:
SF:src/utils/utils.ts
FN:70,(anonymous_1)
FNF:1
FNH:1
FNDA:5,(anonymous_1)
DA:1,1
DA:2,1
DA:3,1
DA:11,1
DA:33,1
DA:43,1
DA:50,1
DA:61,1
DA:70,1
DA:71,5
DA:72,5
DA:73,5
DA:76,1
DA:85,1
DA:100,1
DA:117,1
DA:126,1
DA:136,1
LF:18
LH:18
BRF:0
BRH:0
end_of_record
